2020-05-03 09:20:00,400 INFO [restartedMain] c.t.t.ToolManTalkApplication [StartupInfoLogger.java:50] Starting ToolManTalkApplication on DESKTOP-H4V4GM7 with PID 9620 (C:\Users\cwteng\Desktop\toolmantalk\target\classes started by cwteng in C:\Users\cwteng\Desktop\toolmantalk)
2020-05-03 09:20:00,449 INFO [restartedMain] c.t.t.ToolManTalkApplication [SpringApplication.java:675] No active profile set, falling back to default profiles: default
2020-05-03 09:20:00,683 INFO [restartedMain] o.s.b.d.e.DevToolsPropertyDefaultsPostProcessor [DeferredLog.java:227] Devtools property defaults active! Set 'spring.devtools.add-properties' to 'false' to disable
2020-05-03 09:20:00,684 INFO [restartedMain] o.s.b.d.e.DevToolsPropertyDefaultsPostProcessor [DeferredLog.java:227] For additional web related logging consider setting the 'logging.level.web' property to 'DEBUG'
2020-05-03 09:20:03,486 INFO [restartedMain] o.s.d.r.c.RepositoryConfigurationDelegate [RepositoryConfigurationDelegate.java:244] Multiple Spring Data modules found, entering strict repository configuration mode!
2020-05-03 09:20:03,500 INFO [restartedMain] o.s.d.r.c.RepositoryConfigurationDelegate [RepositoryConfigurationDelegate.java:126] Bootstrapping Spring Data repositories in DEFAULT mode.
2020-05-03 09:20:03,631 INFO [restartedMain] o.s.d.r.c.RepositoryConfigurationDelegate [RepositoryConfigurationDelegate.java:182] Finished Spring Data repository scanning in 65ms. Found 0 repository interfaces.
2020-05-03 09:20:04,474 INFO [restartedMain] o.s.c.s.PostProcessorRegistrationDelegate$BeanPostProcessorChecker [PostProcessorRegistrationDelegate.java:330] Bean 'org.springframework.transaction.annotation.ProxyTransactionManagementConfiguration' of type [org.springframework.transaction.annotation.ProxyTransactionManagementConfiguration$$EnhancerBySpringCGLIB$$d3285aae] is not eligible for getting processed by all BeanPostProcessors (for example: not eligible for auto-proxying)
2020-05-03 09:20:05,875 INFO [restartedMain] o.s.b.w.e.t.TomcatWebServer [TomcatWebServer.java:90] Tomcat initialized with port(s): 8080 (http)
2020-05-03 09:20:05,941 INFO [restartedMain] o.a.c.h.Http11NioProtocol [DirectJDKLog.java:173] Initializing ProtocolHandler ["http-nio-8080"]
2020-05-03 09:20:05,969 INFO [restartedMain] o.a.c.c.StandardService [DirectJDKLog.java:173] Starting service [Tomcat]
2020-05-03 09:20:05,970 INFO [restartedMain] o.a.c.c.StandardEngine [DirectJDKLog.java:173] Starting Servlet engine: [Apache Tomcat/9.0.19]
2020-05-03 09:20:06,162 INFO [restartedMain] o.a.c.c.C.[.[.[/toolmantalk] [DirectJDKLog.java:173] Initializing Spring embedded WebApplicationContext
2020-05-03 09:20:06,162 INFO [restartedMain] o.s.w.c.ContextLoader [ServletWebServerApplicationContext.java:296] Root WebApplicationContext: initialization completed in 5476 ms
2020-05-03 09:20:08,672 INFO [restartedMain] o.s.s.c.ThreadPoolTaskExecutor [ExecutorConfigurationSupport.java:171] Initializing ExecutorService 'applicationTaskExecutor'
2020-05-03 09:20:08,909 INFO [restartedMain] o.s.b.a.w.s.WelcomePageHandlerMapping [WelcomePageHandlerMapping.java:61] Adding welcome page template: index
2020-05-03 09:20:09,567 INFO [restartedMain] o.s.b.d.a.OptionalLiveReloadServer [OptionalLiveReloadServer.java:57] LiveReload server is running on port 35729
2020-05-03 09:20:09,636 INFO [restartedMain] o.a.c.h.Http11NioProtocol [DirectJDKLog.java:173] Starting ProtocolHandler ["http-nio-8080"]
2020-05-03 09:20:09,670 INFO [restartedMain] o.s.b.w.e.t.TomcatWebServer [TomcatWebServer.java:204] Tomcat started on port(s): 8080 (http) with context path '/toolmantalk'
2020-05-03 09:20:09,675 INFO [restartedMain] c.t.t.ToolManTalkApplication [StartupInfoLogger.java:59] Started ToolManTalkApplication in 11.763 seconds (JVM running for 15.9)
