2020-05-11 11:04:42,737 WARN [http-nio-8080-exec-6] o.s.w.s.PageNotFound [DispatcherServlet.java:1249] No mapping for GET /toolmantalk/user/follower.html
2020-05-11 11:04:57,074 WARN [http-nio-8080-exec-4] o.s.w.s.PageNotFound [DispatcherServlet.java:1249] No mapping for GET /toolmantalk/followee
2020-05-11 11:05:00,608 WARN [http-nio-8080-exec-10] o.s.w.s.PageNotFound [DispatcherServlet.java:1249] No mapping for GET /toolmantalk/followees
2020-05-11 11:20:29,204 WARN [http-nio-8080-exec-2] o.s.w.s.PageNotFound [DispatcherServlet.java:1249] No mapping for GET /toolmantalk/user/followee.html
2020-05-11 11:51:04,969 WARN [http-nio-8080-exec-5] o.s.w.s.PageNotFound [DispatcherServlet.java:1249] No mapping for GET /toolmantalk/user/profile.html
2020-05-11 11:53:45,561 WARN [http-nio-8080-exec-1] o.s.w.s.PageNotFound [DispatcherServlet.java:1249] No mapping for GET /toolmantalk/user/followee.html
2020-05-11 11:54:03,643 WARN [http-nio-8080-exec-8] o.s.w.s.PageNotFound [DispatcherServlet.java:1249] No mapping for GET /toolmantalk/user/followee.html
2020-05-11 12:38:31,595 WARN [http-nio-8080-exec-2] o.s.w.s.PageNotFound [DispatcherServlet.java:1249] No mapping for GET /toolmantalk/user/followee.html
2020-05-11 12:55:24,067 WARN [http-nio-8080-exec-6] o.s.w.s.PageNotFound [DispatcherServlet.java:1249] No mapping for GET /toolmantalk/followers/183
2020-05-11 12:55:30,787 WARN [http-nio-8080-exec-3] o.s.w.s.PageNotFound [DispatcherServlet.java:1249] No mapping for GET /toolmantalk/followers/183
2020-05-11 12:55:55,511 WARN [http-nio-8080-exec-2] o.s.w.s.PageNotFound [DispatcherServlet.java:1249] No mapping for GET /toolmantalk/user/followee.html
2020-05-11 13:01:00,789 WARN [http-nio-8080-exec-6] o.s.w.s.PageNotFound [DispatcherServlet.java:1249] No mapping for GET /toolmantalk/css/global.css
2020-05-11 13:01:00,793 WARN [http-nio-8080-exec-3] o.s.w.s.PageNotFound [DispatcherServlet.java:1249] No mapping for GET /toolmantalk/js/global.js
2020-05-11 13:01:00,799 WARN [http-nio-8080-exec-4] o.s.w.s.PageNotFound [DispatcherServlet.java:1249] No mapping for GET /toolmantalk/js/profile.js
2020-05-11 13:01:05,053 WARN [http-nio-8080-exec-5] o.s.w.s.PageNotFound [DispatcherServlet.java:1249] No mapping for GET /toolmantalk/js/global.js
2020-05-11 13:01:05,065 WARN [http-nio-8080-exec-2] o.s.w.s.PageNotFound [DispatcherServlet.java:1249] No mapping for GET /toolmantalk/js/profile.js
2020-05-11 13:03:53,837 WARN [http-nio-8080-exec-4] o.s.w.s.PageNotFound [DispatcherServlet.java:1249] No mapping for GET /toolmantalk/user/follower.html
2020-05-11 13:20:07,953 WARN [http-nio-8080-exec-6] o.s.w.s.PageNotFound [DispatcherServlet.java:1249] No mapping for GET /toolmantalk/user/followee.html
2020-05-11 13:21:44,019 WARN [http-nio-8080-exec-7] o.s.w.s.PageNotFound [DispatcherServlet.java:1249] No mapping for GET /toolmantalk/user/followee.html
2020-05-11 13:21:51,775 WARN [http-nio-8080-exec-6] o.s.w.s.PageNotFound [DispatcherServlet.java:1249] No mapping for GET /toolmantalk/user/followee.html
2020-05-11 13:23:02,369 WARN [http-nio-8080-exec-6] o.s.w.s.PageNotFound [DispatcherServlet.java:1249] No mapping for GET /toolmantalk/user/follower.html
2020-05-11 13:43:25,565 WARN [http-nio-8080-exec-6] o.s.w.s.PageNotFound [DispatcherServlet.java:1249] No mapping for GET /toolmantalk/user/follower/214512352353
2020-05-11 13:43:55,047 WARN [http-nio-8080-exec-7] o.s.w.s.m.m.a.ExceptionHandlerExceptionResolver [AbstractHandlerExceptionResolver.java:198] Resolved [org.springframework.web.method.annotation.MethodArgumentTypeMismatchException: Failed to convert value of type 'java.lang.String' to required type 'int'; nested exception is java.lang.NumberFormatException: For input string: "13254326456"]
2020-05-11 13:45:59,455 WARN [http-nio-8080-exec-7] o.s.w.s.m.m.a.ExceptionHandlerExceptionResolver [AbstractHandlerExceptionResolver.java:198] Resolved [java.lang.RuntimeException: 该用户不存在]
2020-05-11 13:47:15,634 WARN [http-nio-8080-exec-4] o.s.w.s.PageNotFound [DispatcherServlet.java:1249] No mapping for GET /toolmantalk/error/404
2020-05-11 13:47:36,468 WARN [http-nio-8080-exec-7] o.s.w.s.PageNotFound [DispatcherServlet.java:1249] No mapping for GET /toolmantalk/user/follower/214512352353
2020-05-11 13:47:57,159 WARN [http-nio-8080-exec-9] o.s.w.s.m.m.a.ExceptionHandlerExceptionResolver [AbstractHandlerExceptionResolver.java:198] Resolved [java.lang.RuntimeException: 该用户不存在]
2020-05-11 13:47:57,171 WARN [http-nio-8080-exec-5] o.s.w.s.PageNotFound [DispatcherServlet.java:1249] No mapping for GET /toolmantalk/error/404
2020-05-11 13:48:42,394 WARN [http-nio-8080-exec-5] o.s.w.s.PageNotFound [DispatcherServlet.java:1249] No mapping for GET /toolmantalk/error/404
2020-05-11 13:48:43,499 WARN [http-nio-8080-exec-4] o.s.w.s.m.m.a.ExceptionHandlerExceptionResolver [AbstractHandlerExceptionResolver.java:198] Resolved [java.lang.RuntimeException: 该用户不存在]
2020-05-11 13:48:43,502 WARN [http-nio-8080-exec-9] o.s.w.s.PageNotFound [DispatcherServlet.java:1249] No mapping for GET /toolmantalk/error/404
2020-05-11 13:48:45,022 WARN [http-nio-8080-exec-2] o.s.w.s.PageNotFound [DispatcherServlet.java:1249] No mapping for GET /toolmantalk/error/404
2020-05-11 13:48:45,887 WARN [http-nio-8080-exec-6] o.s.w.s.PageNotFound [DispatcherServlet.java:1249] No mapping for GET /toolmantalk/error/404
2020-05-11 13:48:47,096 WARN [http-nio-8080-exec-5] o.s.w.s.PageNotFound [DispatcherServlet.java:1249] No mapping for GET /toolmantalk/error/404
2020-05-11 13:48:58,051 WARN [http-nio-8080-exec-4] o.s.w.s.PageNotFound [DispatcherServlet.java:1249] No mapping for GET /toolmantalk/error/404
2020-05-11 13:49:06,248 WARN [http-nio-8080-exec-9] o.s.w.s.m.m.a.ExceptionHandlerExceptionResolver [AbstractHandlerExceptionResolver.java:198] Resolved [java.lang.RuntimeException: 该用户不存在]
2020-05-11 13:49:06,256 WARN [http-nio-8080-exec-6] o.s.w.s.PageNotFound [DispatcherServlet.java:1249] No mapping for GET /toolmantalk/error/404
2020-05-11 13:49:46,820 WARN [http-nio-8080-exec-4] o.s.w.s.PageNotFound [DispatcherServlet.java:1249] No mapping for GET /toolmantalk/error/404
2020-05-11 13:49:47,335 WARN [http-nio-8080-exec-4] o.s.w.s.PageNotFound [DispatcherServlet.java:1249] No mapping for GET /toolmantalk/error/404
2020-05-11 13:49:47,800 WARN [http-nio-8080-exec-10] o.s.w.s.m.m.a.ExceptionHandlerExceptionResolver [AbstractHandlerExceptionResolver.java:198] Resolved [java.lang.RuntimeException: 该用户不存在]
2020-05-11 13:49:47,802 WARN [http-nio-8080-exec-8] o.s.w.s.PageNotFound [DispatcherServlet.java:1249] No mapping for GET /toolmantalk/error/404
2020-05-11 13:49:48,151 WARN [http-nio-8080-exec-9] o.s.w.s.PageNotFound [DispatcherServlet.java:1249] No mapping for GET /toolmantalk/error/404
2020-05-11 13:49:48,918 WARN [http-nio-8080-exec-7] o.s.w.s.PageNotFound [DispatcherServlet.java:1249] No mapping for GET /toolmantalk/error/404
