2020-05-10 13:50:38,259 ERROR [http-nio-8080-exec-10] c.t.t.c.a.ExceptionAdvice [ExceptionAdvice.java:22] 服务器发生异常: Optional int parameter 'entityType' is present but cannot be translated into a null value due to being declared as a primitive type. Consider declaring it as object wrapper for the corresponding primitive type.
2020-05-10 13:50:38,263 ERROR [http-nio-8080-exec-10] c.t.t.c.a.ExceptionAdvice [ExceptionAdvice.java:24] org.springframework.web.method.annotation.AbstractNamedValueMethodArgumentResolver.handleNullValue(AbstractNamedValueMethodArgumentResolver.java:245)
2020-05-10 13:50:38,263 ERROR [http-nio-8080-exec-10] c.t.t.c.a.ExceptionAdvice [ExceptionAdvice.java:24] org.springframework.web.method.annotation.AbstractNamedValueMethodArgumentResolver.resolveArgument(AbstractNamedValueMethodArgumentResolver.java:115)
2020-05-10 13:50:38,264 ERROR [http-nio-8080-exec-10] c.t.t.c.a.ExceptionAdvice [ExceptionAdvice.java:24] org.springframework.web.method.support.HandlerMethodArgumentResolverComposite.resolveArgument(HandlerMethodArgumentResolverComposite.java:126)
2020-05-10 13:50:38,264 ERROR [http-nio-8080-exec-10] c.t.t.c.a.ExceptionAdvice [ExceptionAdvice.java:24] org.springframework.web.method.support.InvocableHandlerMethod.getMethodArgumentValues(InvocableHandlerMethod.java:167)
2020-05-10 13:50:38,264 ERROR [http-nio-8080-exec-10] c.t.t.c.a.ExceptionAdvice [ExceptionAdvice.java:24] org.springframework.web.method.support.InvocableHandlerMethod.invokeForRequest(InvocableHandlerMethod.java:134)
2020-05-10 13:50:38,264 ERROR [http-nio-8080-exec-10] c.t.t.c.a.ExceptionAdvice [ExceptionAdvice.java:24] org.springframework.web.servlet.mvc.method.annotation.ServletInvocableHandlerMethod.invokeAndHandle(ServletInvocableHandlerMethod.java:104)
2020-05-10 13:50:38,264 ERROR [http-nio-8080-exec-10] c.t.t.c.a.ExceptionAdvice [ExceptionAdvice.java:24] org.springframework.web.servlet.mvc.method.annotation.RequestMappingHandlerAdapter.invokeHandlerMethod(RequestMappingHandlerAdapter.java:892)
2020-05-10 13:50:38,264 ERROR [http-nio-8080-exec-10] c.t.t.c.a.ExceptionAdvice [ExceptionAdvice.java:24] org.springframework.web.servlet.mvc.method.annotation.RequestMappingHandlerAdapter.handleInternal(RequestMappingHandlerAdapter.java:797)
2020-05-10 13:50:38,265 ERROR [http-nio-8080-exec-10] c.t.t.c.a.ExceptionAdvice [ExceptionAdvice.java:24] org.springframework.web.servlet.mvc.method.AbstractHandlerMethodAdapter.handle(AbstractHandlerMethodAdapter.java:87)
2020-05-10 13:50:38,265 ERROR [http-nio-8080-exec-10] c.t.t.c.a.ExceptionAdvice [ExceptionAdvice.java:24] org.springframework.web.servlet.DispatcherServlet.doDispatch(DispatcherServlet.java:1039)
2020-05-10 13:50:38,265 ERROR [http-nio-8080-exec-10] c.t.t.c.a.ExceptionAdvice [ExceptionAdvice.java:24] org.springframework.web.servlet.DispatcherServlet.doService(DispatcherServlet.java:942)
2020-05-10 13:50:38,265 ERROR [http-nio-8080-exec-10] c.t.t.c.a.ExceptionAdvice [ExceptionAdvice.java:24] org.springframework.web.servlet.FrameworkServlet.processRequest(FrameworkServlet.java:1005)
2020-05-10 13:50:38,265 ERROR [http-nio-8080-exec-10] c.t.t.c.a.ExceptionAdvice [ExceptionAdvice.java:24] org.springframework.web.servlet.FrameworkServlet.doPost(FrameworkServlet.java:908)
2020-05-10 13:50:38,266 ERROR [http-nio-8080-exec-10] c.t.t.c.a.ExceptionAdvice [ExceptionAdvice.java:24] javax.servlet.http.HttpServlet.service(HttpServlet.java:660)
2020-05-10 13:50:38,266 ERROR [http-nio-8080-exec-10] c.t.t.c.a.ExceptionAdvice [ExceptionAdvice.java:24] org.springframework.web.servlet.FrameworkServlet.service(FrameworkServlet.java:882)
2020-05-10 13:50:38,266 ERROR [http-nio-8080-exec-10] c.t.t.c.a.ExceptionAdvice [ExceptionAdvice.java:24] javax.servlet.http.HttpServlet.service(HttpServlet.java:741)
2020-05-10 13:50:38,266 ERROR [http-nio-8080-exec-10] c.t.t.c.a.ExceptionAdvice [ExceptionAdvice.java:24] org.apache.catalina.core.ApplicationFilterChain.internalDoFilter(ApplicationFilterChain.java:231)
2020-05-10 13:50:38,266 ERROR [http-nio-8080-exec-10] c.t.t.c.a.ExceptionAdvice [ExceptionAdvice.java:24] org.apache.catalina.core.ApplicationFilterChain.doFilter(ApplicationFilterChain.java:166)
2020-05-10 13:50:38,266 ERROR [http-nio-8080-exec-10] c.t.t.c.a.ExceptionAdvice [ExceptionAdvice.java:24] org.apache.tomcat.websocket.server.WsFilter.doFilter(WsFilter.java:53)
2020-05-10 13:50:38,266 ERROR [http-nio-8080-exec-10] c.t.t.c.a.ExceptionAdvice [ExceptionAdvice.java:24] org.apache.catalina.core.ApplicationFilterChain.internalDoFilter(ApplicationFilterChain.java:193)
2020-05-10 13:50:38,267 ERROR [http-nio-8080-exec-10] c.t.t.c.a.ExceptionAdvice [ExceptionAdvice.java:24] org.apache.catalina.core.ApplicationFilterChain.doFilter(ApplicationFilterChain.java:166)
2020-05-10 13:50:38,267 ERROR [http-nio-8080-exec-10] c.t.t.c.a.ExceptionAdvice [ExceptionAdvice.java:24] org.springframework.web.filter.RequestContextFilter.doFilterInternal(RequestContextFilter.java:99)
2020-05-10 13:50:38,267 ERROR [http-nio-8080-exec-10] c.t.t.c.a.ExceptionAdvice [ExceptionAdvice.java:24] org.springframework.web.filter.OncePerRequestFilter.doFilter(OncePerRequestFilter.java:107)
2020-05-10 13:50:38,267 ERROR [http-nio-8080-exec-10] c.t.t.c.a.ExceptionAdvice [ExceptionAdvice.java:24] org.apache.catalina.core.ApplicationFilterChain.internalDoFilter(ApplicationFilterChain.java:193)
2020-05-10 13:50:38,267 ERROR [http-nio-8080-exec-10] c.t.t.c.a.ExceptionAdvice [ExceptionAdvice.java:24] org.apache.catalina.core.ApplicationFilterChain.doFilter(ApplicationFilterChain.java:166)
2020-05-10 13:50:38,267 ERROR [http-nio-8080-exec-10] c.t.t.c.a.ExceptionAdvice [ExceptionAdvice.java:24] org.springframework.web.filter.FormContentFilter.doFilterInternal(FormContentFilter.java:92)
2020-05-10 13:50:38,267 ERROR [http-nio-8080-exec-10] c.t.t.c.a.ExceptionAdvice [ExceptionAdvice.java:24] org.springframework.web.filter.OncePerRequestFilter.doFilter(OncePerRequestFilter.java:107)
2020-05-10 13:50:38,267 ERROR [http-nio-8080-exec-10] c.t.t.c.a.ExceptionAdvice [ExceptionAdvice.java:24] org.apache.catalina.core.ApplicationFilterChain.internalDoFilter(ApplicationFilterChain.java:193)
2020-05-10 13:50:38,268 ERROR [http-nio-8080-exec-10] c.t.t.c.a.ExceptionAdvice [ExceptionAdvice.java:24] org.apache.catalina.core.ApplicationFilterChain.doFilter(ApplicationFilterChain.java:166)
2020-05-10 13:50:38,268 ERROR [http-nio-8080-exec-10] c.t.t.c.a.ExceptionAdvice [ExceptionAdvice.java:24] org.springframework.web.filter.HiddenHttpMethodFilter.doFilterInternal(HiddenHttpMethodFilter.java:93)
2020-05-10 13:50:38,268 ERROR [http-nio-8080-exec-10] c.t.t.c.a.ExceptionAdvice [ExceptionAdvice.java:24] org.springframework.web.filter.OncePerRequestFilter.doFilter(OncePerRequestFilter.java:107)
2020-05-10 13:50:38,268 ERROR [http-nio-8080-exec-10] c.t.t.c.a.ExceptionAdvice [ExceptionAdvice.java:24] org.apache.catalina.core.ApplicationFilterChain.internalDoFilter(ApplicationFilterChain.java:193)
2020-05-10 13:50:38,268 ERROR [http-nio-8080-exec-10] c.t.t.c.a.ExceptionAdvice [ExceptionAdvice.java:24] org.apache.catalina.core.ApplicationFilterChain.doFilter(ApplicationFilterChain.java:166)
2020-05-10 13:50:38,268 ERROR [http-nio-8080-exec-10] c.t.t.c.a.ExceptionAdvice [ExceptionAdvice.java:24] org.springframework.web.filter.CharacterEncodingFilter.doFilterInternal(CharacterEncodingFilter.java:200)
2020-05-10 13:50:38,268 ERROR [http-nio-8080-exec-10] c.t.t.c.a.ExceptionAdvice [ExceptionAdvice.java:24] org.springframework.web.filter.OncePerRequestFilter.doFilter(OncePerRequestFilter.java:107)
2020-05-10 13:50:38,268 ERROR [http-nio-8080-exec-10] c.t.t.c.a.ExceptionAdvice [ExceptionAdvice.java:24] org.apache.catalina.core.ApplicationFilterChain.internalDoFilter(ApplicationFilterChain.java:193)
2020-05-10 13:50:38,269 ERROR [http-nio-8080-exec-10] c.t.t.c.a.ExceptionAdvice [ExceptionAdvice.java:24] org.apache.catalina.core.ApplicationFilterChain.doFilter(ApplicationFilterChain.java:166)
2020-05-10 13:50:38,269 ERROR [http-nio-8080-exec-10] c.t.t.c.a.ExceptionAdvice [ExceptionAdvice.java:24] org.apache.catalina.core.StandardWrapperValve.invoke(StandardWrapperValve.java:200)
2020-05-10 13:50:38,269 ERROR [http-nio-8080-exec-10] c.t.t.c.a.ExceptionAdvice [ExceptionAdvice.java:24] org.apache.catalina.core.StandardContextValve.invoke(StandardContextValve.java:96)
2020-05-10 13:50:38,269 ERROR [http-nio-8080-exec-10] c.t.t.c.a.ExceptionAdvice [ExceptionAdvice.java:24] org.apache.catalina.authenticator.AuthenticatorBase.invoke(AuthenticatorBase.java:490)
2020-05-10 13:50:38,269 ERROR [http-nio-8080-exec-10] c.t.t.c.a.ExceptionAdvice [ExceptionAdvice.java:24] org.apache.catalina.core.StandardHostValve.invoke(StandardHostValve.java:139)
2020-05-10 13:50:38,269 ERROR [http-nio-8080-exec-10] c.t.t.c.a.ExceptionAdvice [ExceptionAdvice.java:24] org.apache.catalina.valves.ErrorReportValve.invoke(ErrorReportValve.java:92)
2020-05-10 13:50:38,270 ERROR [http-nio-8080-exec-10] c.t.t.c.a.ExceptionAdvice [ExceptionAdvice.java:24] org.apache.catalina.core.StandardEngineValve.invoke(StandardEngineValve.java:74)
2020-05-10 13:50:38,270 ERROR [http-nio-8080-exec-10] c.t.t.c.a.ExceptionAdvice [ExceptionAdvice.java:24] org.apache.catalina.connector.CoyoteAdapter.service(CoyoteAdapter.java:343)
2020-05-10 13:50:38,270 ERROR [http-nio-8080-exec-10] c.t.t.c.a.ExceptionAdvice [ExceptionAdvice.java:24] org.apache.coyote.http11.Http11Processor.service(Http11Processor.java:408)
2020-05-10 13:50:38,270 ERROR [http-nio-8080-exec-10] c.t.t.c.a.ExceptionAdvice [ExceptionAdvice.java:24] org.apache.coyote.AbstractProcessorLight.process(AbstractProcessorLight.java:66)
2020-05-10 13:50:38,270 ERROR [http-nio-8080-exec-10] c.t.t.c.a.ExceptionAdvice [ExceptionAdvice.java:24] org.apache.coyote.AbstractProtocol$ConnectionHandler.process(AbstractProtocol.java:836)
2020-05-10 13:50:38,271 ERROR [http-nio-8080-exec-10] c.t.t.c.a.ExceptionAdvice [ExceptionAdvice.java:24] org.apache.tomcat.util.net.NioEndpoint$SocketProcessor.doRun(NioEndpoint.java:1747)
2020-05-10 13:50:38,271 ERROR [http-nio-8080-exec-10] c.t.t.c.a.ExceptionAdvice [ExceptionAdvice.java:24] org.apache.tomcat.util.net.SocketProcessorBase.run(SocketProcessorBase.java:49)
2020-05-10 13:50:38,271 ERROR [http-nio-8080-exec-10] c.t.t.c.a.ExceptionAdvice [ExceptionAdvice.java:24] java.util.concurrent.ThreadPoolExecutor.runWorker(ThreadPoolExecutor.java:1142)
2020-05-10 13:50:38,271 ERROR [http-nio-8080-exec-10] c.t.t.c.a.ExceptionAdvice [ExceptionAdvice.java:24] java.util.concurrent.ThreadPoolExecutor$Worker.run(ThreadPoolExecutor.java:617)
2020-05-10 13:50:38,271 ERROR [http-nio-8080-exec-10] c.t.t.c.a.ExceptionAdvice [ExceptionAdvice.java:24] org.apache.tomcat.util.threads.TaskThread$WrappingRunnable.run(TaskThread.java:61)
2020-05-10 13:50:38,271 ERROR [http-nio-8080-exec-10] c.t.t.c.a.ExceptionAdvice [ExceptionAdvice.java:24] java.lang.Thread.run(Thread.java:748)
2020-05-10 13:50:45,408 ERROR [http-nio-8080-exec-9] c.t.t.c.a.ExceptionAdvice [ExceptionAdvice.java:22] 服务器发生异常: Optional int parameter 'entityType' is present but cannot be translated into a null value due to being declared as a primitive type. Consider declaring it as object wrapper for the corresponding primitive type.
2020-05-10 13:50:45,410 ERROR [http-nio-8080-exec-9] c.t.t.c.a.ExceptionAdvice [ExceptionAdvice.java:24] org.springframework.web.method.annotation.AbstractNamedValueMethodArgumentResolver.handleNullValue(AbstractNamedValueMethodArgumentResolver.java:245)
2020-05-10 13:50:45,410 ERROR [http-nio-8080-exec-9] c.t.t.c.a.ExceptionAdvice [ExceptionAdvice.java:24] org.springframework.web.method.annotation.AbstractNamedValueMethodArgumentResolver.resolveArgument(AbstractNamedValueMethodArgumentResolver.java:115)
2020-05-10 13:50:45,410 ERROR [http-nio-8080-exec-9] c.t.t.c.a.ExceptionAdvice [ExceptionAdvice.java:24] org.springframework.web.method.support.HandlerMethodArgumentResolverComposite.resolveArgument(HandlerMethodArgumentResolverComposite.java:126)
2020-05-10 13:50:45,410 ERROR [http-nio-8080-exec-9] c.t.t.c.a.ExceptionAdvice [ExceptionAdvice.java:24] org.springframework.web.method.support.InvocableHandlerMethod.getMethodArgumentValues(InvocableHandlerMethod.java:167)
2020-05-10 13:50:45,410 ERROR [http-nio-8080-exec-9] c.t.t.c.a.ExceptionAdvice [ExceptionAdvice.java:24] org.springframework.web.method.support.InvocableHandlerMethod.invokeForRequest(InvocableHandlerMethod.java:134)
2020-05-10 13:50:45,410 ERROR [http-nio-8080-exec-9] c.t.t.c.a.ExceptionAdvice [ExceptionAdvice.java:24] org.springframework.web.servlet.mvc.method.annotation.ServletInvocableHandlerMethod.invokeAndHandle(ServletInvocableHandlerMethod.java:104)
2020-05-10 13:50:45,410 ERROR [http-nio-8080-exec-9] c.t.t.c.a.ExceptionAdvice [ExceptionAdvice.java:24] org.springframework.web.servlet.mvc.method.annotation.RequestMappingHandlerAdapter.invokeHandlerMethod(RequestMappingHandlerAdapter.java:892)
2020-05-10 13:50:45,410 ERROR [http-nio-8080-exec-9] c.t.t.c.a.ExceptionAdvice [ExceptionAdvice.java:24] org.springframework.web.servlet.mvc.method.annotation.RequestMappingHandlerAdapter.handleInternal(RequestMappingHandlerAdapter.java:797)
2020-05-10 13:50:45,410 ERROR [http-nio-8080-exec-9] c.t.t.c.a.ExceptionAdvice [ExceptionAdvice.java:24] org.springframework.web.servlet.mvc.method.AbstractHandlerMethodAdapter.handle(AbstractHandlerMethodAdapter.java:87)
2020-05-10 13:50:45,410 ERROR [http-nio-8080-exec-9] c.t.t.c.a.ExceptionAdvice [ExceptionAdvice.java:24] org.springframework.web.servlet.DispatcherServlet.doDispatch(DispatcherServlet.java:1039)
2020-05-10 13:50:45,411 ERROR [http-nio-8080-exec-9] c.t.t.c.a.ExceptionAdvice [ExceptionAdvice.java:24] org.springframework.web.servlet.DispatcherServlet.doService(DispatcherServlet.java:942)
2020-05-10 13:50:45,411 ERROR [http-nio-8080-exec-9] c.t.t.c.a.ExceptionAdvice [ExceptionAdvice.java:24] org.springframework.web.servlet.FrameworkServlet.processRequest(FrameworkServlet.java:1005)
2020-05-10 13:50:45,411 ERROR [http-nio-8080-exec-9] c.t.t.c.a.ExceptionAdvice [ExceptionAdvice.java:24] org.springframework.web.servlet.FrameworkServlet.doPost(FrameworkServlet.java:908)
2020-05-10 13:50:45,411 ERROR [http-nio-8080-exec-9] c.t.t.c.a.ExceptionAdvice [ExceptionAdvice.java:24] javax.servlet.http.HttpServlet.service(HttpServlet.java:660)
2020-05-10 13:50:45,411 ERROR [http-nio-8080-exec-9] c.t.t.c.a.ExceptionAdvice [ExceptionAdvice.java:24] org.springframework.web.servlet.FrameworkServlet.service(FrameworkServlet.java:882)
2020-05-10 13:50:45,411 ERROR [http-nio-8080-exec-9] c.t.t.c.a.ExceptionAdvice [ExceptionAdvice.java:24] javax.servlet.http.HttpServlet.service(HttpServlet.java:741)
2020-05-10 13:50:45,411 ERROR [http-nio-8080-exec-9] c.t.t.c.a.ExceptionAdvice [ExceptionAdvice.java:24] org.apache.catalina.core.ApplicationFilterChain.internalDoFilter(ApplicationFilterChain.java:231)
2020-05-10 13:50:45,411 ERROR [http-nio-8080-exec-9] c.t.t.c.a.ExceptionAdvice [ExceptionAdvice.java:24] org.apache.catalina.core.ApplicationFilterChain.doFilter(ApplicationFilterChain.java:166)
2020-05-10 13:50:45,412 ERROR [http-nio-8080-exec-9] c.t.t.c.a.ExceptionAdvice [ExceptionAdvice.java:24] org.apache.tomcat.websocket.server.WsFilter.doFilter(WsFilter.java:53)
2020-05-10 13:50:45,412 ERROR [http-nio-8080-exec-9] c.t.t.c.a.ExceptionAdvice [ExceptionAdvice.java:24] org.apache.catalina.core.ApplicationFilterChain.internalDoFilter(ApplicationFilterChain.java:193)
2020-05-10 13:50:45,412 ERROR [http-nio-8080-exec-9] c.t.t.c.a.ExceptionAdvice [ExceptionAdvice.java:24] org.apache.catalina.core.ApplicationFilterChain.doFilter(ApplicationFilterChain.java:166)
2020-05-10 13:50:45,412 ERROR [http-nio-8080-exec-9] c.t.t.c.a.ExceptionAdvice [ExceptionAdvice.java:24] org.springframework.web.filter.RequestContextFilter.doFilterInternal(RequestContextFilter.java:99)
2020-05-10 13:50:45,412 ERROR [http-nio-8080-exec-9] c.t.t.c.a.ExceptionAdvice [ExceptionAdvice.java:24] org.springframework.web.filter.OncePerRequestFilter.doFilter(OncePerRequestFilter.java:107)
2020-05-10 13:50:45,412 ERROR [http-nio-8080-exec-9] c.t.t.c.a.ExceptionAdvice [ExceptionAdvice.java:24] org.apache.catalina.core.ApplicationFilterChain.internalDoFilter(ApplicationFilterChain.java:193)
2020-05-10 13:50:45,412 ERROR [http-nio-8080-exec-9] c.t.t.c.a.ExceptionAdvice [ExceptionAdvice.java:24] org.apache.catalina.core.ApplicationFilterChain.doFilter(ApplicationFilterChain.java:166)
2020-05-10 13:50:45,412 ERROR [http-nio-8080-exec-9] c.t.t.c.a.ExceptionAdvice [ExceptionAdvice.java:24] org.springframework.web.filter.FormContentFilter.doFilterInternal(FormContentFilter.java:92)
2020-05-10 13:50:45,412 ERROR [http-nio-8080-exec-9] c.t.t.c.a.ExceptionAdvice [ExceptionAdvice.java:24] org.springframework.web.filter.OncePerRequestFilter.doFilter(OncePerRequestFilter.java:107)
2020-05-10 13:50:45,412 ERROR [http-nio-8080-exec-9] c.t.t.c.a.ExceptionAdvice [ExceptionAdvice.java:24] org.apache.catalina.core.ApplicationFilterChain.internalDoFilter(ApplicationFilterChain.java:193)
2020-05-10 13:50:45,413 ERROR [http-nio-8080-exec-9] c.t.t.c.a.ExceptionAdvice [ExceptionAdvice.java:24] org.apache.catalina.core.ApplicationFilterChain.doFilter(ApplicationFilterChain.java:166)
2020-05-10 13:50:45,413 ERROR [http-nio-8080-exec-9] c.t.t.c.a.ExceptionAdvice [ExceptionAdvice.java:24] org.springframework.web.filter.HiddenHttpMethodFilter.doFilterInternal(HiddenHttpMethodFilter.java:93)
2020-05-10 13:50:45,413 ERROR [http-nio-8080-exec-9] c.t.t.c.a.ExceptionAdvice [ExceptionAdvice.java:24] org.springframework.web.filter.OncePerRequestFilter.doFilter(OncePerRequestFilter.java:107)
2020-05-10 13:50:45,413 ERROR [http-nio-8080-exec-9] c.t.t.c.a.ExceptionAdvice [ExceptionAdvice.java:24] org.apache.catalina.core.ApplicationFilterChain.internalDoFilter(ApplicationFilterChain.java:193)
2020-05-10 13:50:45,413 ERROR [http-nio-8080-exec-9] c.t.t.c.a.ExceptionAdvice [ExceptionAdvice.java:24] org.apache.catalina.core.ApplicationFilterChain.doFilter(ApplicationFilterChain.java:166)
2020-05-10 13:50:45,413 ERROR [http-nio-8080-exec-9] c.t.t.c.a.ExceptionAdvice [ExceptionAdvice.java:24] org.springframework.web.filter.CharacterEncodingFilter.doFilterInternal(CharacterEncodingFilter.java:200)
2020-05-10 13:50:45,413 ERROR [http-nio-8080-exec-9] c.t.t.c.a.ExceptionAdvice [ExceptionAdvice.java:24] org.springframework.web.filter.OncePerRequestFilter.doFilter(OncePerRequestFilter.java:107)
2020-05-10 13:50:45,413 ERROR [http-nio-8080-exec-9] c.t.t.c.a.ExceptionAdvice [ExceptionAdvice.java:24] org.apache.catalina.core.ApplicationFilterChain.internalDoFilter(ApplicationFilterChain.java:193)
2020-05-10 13:50:45,413 ERROR [http-nio-8080-exec-9] c.t.t.c.a.ExceptionAdvice [ExceptionAdvice.java:24] org.apache.catalina.core.ApplicationFilterChain.doFilter(ApplicationFilterChain.java:166)
2020-05-10 13:50:45,413 ERROR [http-nio-8080-exec-9] c.t.t.c.a.ExceptionAdvice [ExceptionAdvice.java:24] org.apache.catalina.core.StandardWrapperValve.invoke(StandardWrapperValve.java:200)
2020-05-10 13:50:45,414 ERROR [http-nio-8080-exec-9] c.t.t.c.a.ExceptionAdvice [ExceptionAdvice.java:24] org.apache.catalina.core.StandardContextValve.invoke(StandardContextValve.java:96)
2020-05-10 13:50:45,414 ERROR [http-nio-8080-exec-9] c.t.t.c.a.ExceptionAdvice [ExceptionAdvice.java:24] org.apache.catalina.authenticator.AuthenticatorBase.invoke(AuthenticatorBase.java:490)
2020-05-10 13:50:45,414 ERROR [http-nio-8080-exec-9] c.t.t.c.a.ExceptionAdvice [ExceptionAdvice.java:24] org.apache.catalina.core.StandardHostValve.invoke(StandardHostValve.java:139)
2020-05-10 13:50:45,414 ERROR [http-nio-8080-exec-9] c.t.t.c.a.ExceptionAdvice [ExceptionAdvice.java:24] org.apache.catalina.valves.ErrorReportValve.invoke(ErrorReportValve.java:92)
2020-05-10 13:50:45,414 ERROR [http-nio-8080-exec-9] c.t.t.c.a.ExceptionAdvice [ExceptionAdvice.java:24] org.apache.catalina.core.StandardEngineValve.invoke(StandardEngineValve.java:74)
2020-05-10 13:50:45,415 ERROR [http-nio-8080-exec-9] c.t.t.c.a.ExceptionAdvice [ExceptionAdvice.java:24] org.apache.catalina.connector.CoyoteAdapter.service(CoyoteAdapter.java:343)
2020-05-10 13:50:45,415 ERROR [http-nio-8080-exec-9] c.t.t.c.a.ExceptionAdvice [ExceptionAdvice.java:24] org.apache.coyote.http11.Http11Processor.service(Http11Processor.java:408)
2020-05-10 13:50:45,415 ERROR [http-nio-8080-exec-9] c.t.t.c.a.ExceptionAdvice [ExceptionAdvice.java:24] org.apache.coyote.AbstractProcessorLight.process(AbstractProcessorLight.java:66)
2020-05-10 13:50:45,415 ERROR [http-nio-8080-exec-9] c.t.t.c.a.ExceptionAdvice [ExceptionAdvice.java:24] org.apache.coyote.AbstractProtocol$ConnectionHandler.process(AbstractProtocol.java:836)
2020-05-10 13:50:45,415 ERROR [http-nio-8080-exec-9] c.t.t.c.a.ExceptionAdvice [ExceptionAdvice.java:24] org.apache.tomcat.util.net.NioEndpoint$SocketProcessor.doRun(NioEndpoint.java:1747)
2020-05-10 13:50:45,416 ERROR [http-nio-8080-exec-9] c.t.t.c.a.ExceptionAdvice [ExceptionAdvice.java:24] org.apache.tomcat.util.net.SocketProcessorBase.run(SocketProcessorBase.java:49)
2020-05-10 13:50:45,416 ERROR [http-nio-8080-exec-9] c.t.t.c.a.ExceptionAdvice [ExceptionAdvice.java:24] java.util.concurrent.ThreadPoolExecutor.runWorker(ThreadPoolExecutor.java:1142)
2020-05-10 13:50:45,416 ERROR [http-nio-8080-exec-9] c.t.t.c.a.ExceptionAdvice [ExceptionAdvice.java:24] java.util.concurrent.ThreadPoolExecutor$Worker.run(ThreadPoolExecutor.java:617)
2020-05-10 13:50:45,416 ERROR [http-nio-8080-exec-9] c.t.t.c.a.ExceptionAdvice [ExceptionAdvice.java:24] org.apache.tomcat.util.threads.TaskThread$WrappingRunnable.run(TaskThread.java:61)
2020-05-10 13:50:45,416 ERROR [http-nio-8080-exec-9] c.t.t.c.a.ExceptionAdvice [ExceptionAdvice.java:24] java.lang.Thread.run(Thread.java:748)
2020-05-10 13:52:34,711 ERROR [http-nio-8080-exec-2] c.t.t.c.a.ExceptionAdvice [ExceptionAdvice.java:22] 服务器发生异常: Optional int parameter 'entityType' is present but cannot be translated into a null value due to being declared as a primitive type. Consider declaring it as object wrapper for the corresponding primitive type.
2020-05-10 13:52:34,712 ERROR [http-nio-8080-exec-2] c.t.t.c.a.ExceptionAdvice [ExceptionAdvice.java:24] org.springframework.web.method.annotation.AbstractNamedValueMethodArgumentResolver.handleNullValue(AbstractNamedValueMethodArgumentResolver.java:245)
2020-05-10 13:52:34,712 ERROR [http-nio-8080-exec-2] c.t.t.c.a.ExceptionAdvice [ExceptionAdvice.java:24] org.springframework.web.method.annotation.AbstractNamedValueMethodArgumentResolver.resolveArgument(AbstractNamedValueMethodArgumentResolver.java:115)
2020-05-10 13:52:34,712 ERROR [http-nio-8080-exec-2] c.t.t.c.a.ExceptionAdvice [ExceptionAdvice.java:24] org.springframework.web.method.support.HandlerMethodArgumentResolverComposite.resolveArgument(HandlerMethodArgumentResolverComposite.java:126)
2020-05-10 13:52:34,712 ERROR [http-nio-8080-exec-2] c.t.t.c.a.ExceptionAdvice [ExceptionAdvice.java:24] org.springframework.web.method.support.InvocableHandlerMethod.getMethodArgumentValues(InvocableHandlerMethod.java:167)
2020-05-10 13:52:34,713 ERROR [http-nio-8080-exec-2] c.t.t.c.a.ExceptionAdvice [ExceptionAdvice.java:24] org.springframework.web.method.support.InvocableHandlerMethod.invokeForRequest(InvocableHandlerMethod.java:134)
2020-05-10 13:52:34,713 ERROR [http-nio-8080-exec-2] c.t.t.c.a.ExceptionAdvice [ExceptionAdvice.java:24] org.springframework.web.servlet.mvc.method.annotation.ServletInvocableHandlerMethod.invokeAndHandle(ServletInvocableHandlerMethod.java:104)
2020-05-10 13:52:34,713 ERROR [http-nio-8080-exec-2] c.t.t.c.a.ExceptionAdvice [ExceptionAdvice.java:24] org.springframework.web.servlet.mvc.method.annotation.RequestMappingHandlerAdapter.invokeHandlerMethod(RequestMappingHandlerAdapter.java:892)
2020-05-10 13:52:34,713 ERROR [http-nio-8080-exec-2] c.t.t.c.a.ExceptionAdvice [ExceptionAdvice.java:24] org.springframework.web.servlet.mvc.method.annotation.RequestMappingHandlerAdapter.handleInternal(RequestMappingHandlerAdapter.java:797)
2020-05-10 13:52:34,713 ERROR [http-nio-8080-exec-2] c.t.t.c.a.ExceptionAdvice [ExceptionAdvice.java:24] org.springframework.web.servlet.mvc.method.AbstractHandlerMethodAdapter.handle(AbstractHandlerMethodAdapter.java:87)
2020-05-10 13:52:34,713 ERROR [http-nio-8080-exec-2] c.t.t.c.a.ExceptionAdvice [ExceptionAdvice.java:24] org.springframework.web.servlet.DispatcherServlet.doDispatch(DispatcherServlet.java:1039)
2020-05-10 13:52:34,714 ERROR [http-nio-8080-exec-2] c.t.t.c.a.ExceptionAdvice [ExceptionAdvice.java:24] org.springframework.web.servlet.DispatcherServlet.doService(DispatcherServlet.java:942)
2020-05-10 13:52:34,714 ERROR [http-nio-8080-exec-2] c.t.t.c.a.ExceptionAdvice [ExceptionAdvice.java:24] org.springframework.web.servlet.FrameworkServlet.processRequest(FrameworkServlet.java:1005)
2020-05-10 13:52:34,714 ERROR [http-nio-8080-exec-2] c.t.t.c.a.ExceptionAdvice [ExceptionAdvice.java:24] org.springframework.web.servlet.FrameworkServlet.doPost(FrameworkServlet.java:908)
2020-05-10 13:52:34,714 ERROR [http-nio-8080-exec-2] c.t.t.c.a.ExceptionAdvice [ExceptionAdvice.java:24] javax.servlet.http.HttpServlet.service(HttpServlet.java:660)
2020-05-10 13:52:34,714 ERROR [http-nio-8080-exec-2] c.t.t.c.a.ExceptionAdvice [ExceptionAdvice.java:24] org.springframework.web.servlet.FrameworkServlet.service(FrameworkServlet.java:882)
2020-05-10 13:52:34,714 ERROR [http-nio-8080-exec-2] c.t.t.c.a.ExceptionAdvice [ExceptionAdvice.java:24] javax.servlet.http.HttpServlet.service(HttpServlet.java:741)
2020-05-10 13:52:34,714 ERROR [http-nio-8080-exec-2] c.t.t.c.a.ExceptionAdvice [ExceptionAdvice.java:24] org.apache.catalina.core.ApplicationFilterChain.internalDoFilter(ApplicationFilterChain.java:231)
2020-05-10 13:52:34,715 ERROR [http-nio-8080-exec-2] c.t.t.c.a.ExceptionAdvice [ExceptionAdvice.java:24] org.apache.catalina.core.ApplicationFilterChain.doFilter(ApplicationFilterChain.java:166)
2020-05-10 13:52:34,715 ERROR [http-nio-8080-exec-2] c.t.t.c.a.ExceptionAdvice [ExceptionAdvice.java:24] org.apache.tomcat.websocket.server.WsFilter.doFilter(WsFilter.java:53)
2020-05-10 13:52:34,715 ERROR [http-nio-8080-exec-2] c.t.t.c.a.ExceptionAdvice [ExceptionAdvice.java:24] org.apache.catalina.core.ApplicationFilterChain.internalDoFilter(ApplicationFilterChain.java:193)
2020-05-10 13:52:34,715 ERROR [http-nio-8080-exec-2] c.t.t.c.a.ExceptionAdvice [ExceptionAdvice.java:24] org.apache.catalina.core.ApplicationFilterChain.doFilter(ApplicationFilterChain.java:166)
2020-05-10 13:52:34,715 ERROR [http-nio-8080-exec-2] c.t.t.c.a.ExceptionAdvice [ExceptionAdvice.java:24] org.springframework.web.filter.RequestContextFilter.doFilterInternal(RequestContextFilter.java:99)
2020-05-10 13:52:34,716 ERROR [http-nio-8080-exec-2] c.t.t.c.a.ExceptionAdvice [ExceptionAdvice.java:24] org.springframework.web.filter.OncePerRequestFilter.doFilter(OncePerRequestFilter.java:107)
2020-05-10 13:52:34,716 ERROR [http-nio-8080-exec-2] c.t.t.c.a.ExceptionAdvice [ExceptionAdvice.java:24] org.apache.catalina.core.ApplicationFilterChain.internalDoFilter(ApplicationFilterChain.java:193)
2020-05-10 13:52:34,716 ERROR [http-nio-8080-exec-2] c.t.t.c.a.ExceptionAdvice [ExceptionAdvice.java:24] org.apache.catalina.core.ApplicationFilterChain.doFilter(ApplicationFilterChain.java:166)
2020-05-10 13:52:34,716 ERROR [http-nio-8080-exec-2] c.t.t.c.a.ExceptionAdvice [ExceptionAdvice.java:24] org.springframework.web.filter.FormContentFilter.doFilterInternal(FormContentFilter.java:92)
2020-05-10 13:52:34,716 ERROR [http-nio-8080-exec-2] c.t.t.c.a.ExceptionAdvice [ExceptionAdvice.java:24] org.springframework.web.filter.OncePerRequestFilter.doFilter(OncePerRequestFilter.java:107)
2020-05-10 13:52:34,716 ERROR [http-nio-8080-exec-2] c.t.t.c.a.ExceptionAdvice [ExceptionAdvice.java:24] org.apache.catalina.core.ApplicationFilterChain.internalDoFilter(ApplicationFilterChain.java:193)
2020-05-10 13:52:34,716 ERROR [http-nio-8080-exec-2] c.t.t.c.a.ExceptionAdvice [ExceptionAdvice.java:24] org.apache.catalina.core.ApplicationFilterChain.doFilter(ApplicationFilterChain.java:166)
2020-05-10 13:52:34,716 ERROR [http-nio-8080-exec-2] c.t.t.c.a.ExceptionAdvice [ExceptionAdvice.java:24] org.springframework.web.filter.HiddenHttpMethodFilter.doFilterInternal(HiddenHttpMethodFilter.java:93)
2020-05-10 13:52:34,717 ERROR [http-nio-8080-exec-2] c.t.t.c.a.ExceptionAdvice [ExceptionAdvice.java:24] org.springframework.web.filter.OncePerRequestFilter.doFilter(OncePerRequestFilter.java:107)
2020-05-10 13:52:34,717 ERROR [http-nio-8080-exec-2] c.t.t.c.a.ExceptionAdvice [ExceptionAdvice.java:24] org.apache.catalina.core.ApplicationFilterChain.internalDoFilter(ApplicationFilterChain.java:193)
2020-05-10 13:52:34,717 ERROR [http-nio-8080-exec-2] c.t.t.c.a.ExceptionAdvice [ExceptionAdvice.java:24] org.apache.catalina.core.ApplicationFilterChain.doFilter(ApplicationFilterChain.java:166)
2020-05-10 13:52:34,717 ERROR [http-nio-8080-exec-2] c.t.t.c.a.ExceptionAdvice [ExceptionAdvice.java:24] org.springframework.web.filter.CharacterEncodingFilter.doFilterInternal(CharacterEncodingFilter.java:200)
2020-05-10 13:52:34,717 ERROR [http-nio-8080-exec-2] c.t.t.c.a.ExceptionAdvice [ExceptionAdvice.java:24] org.springframework.web.filter.OncePerRequestFilter.doFilter(OncePerRequestFilter.java:107)
2020-05-10 13:52:34,717 ERROR [http-nio-8080-exec-2] c.t.t.c.a.ExceptionAdvice [ExceptionAdvice.java:24] org.apache.catalina.core.ApplicationFilterChain.internalDoFilter(ApplicationFilterChain.java:193)
2020-05-10 13:52:34,717 ERROR [http-nio-8080-exec-2] c.t.t.c.a.ExceptionAdvice [ExceptionAdvice.java:24] org.apache.catalina.core.ApplicationFilterChain.doFilter(ApplicationFilterChain.java:166)
2020-05-10 13:52:34,717 ERROR [http-nio-8080-exec-2] c.t.t.c.a.ExceptionAdvice [ExceptionAdvice.java:24] org.apache.catalina.core.StandardWrapperValve.invoke(StandardWrapperValve.java:200)
2020-05-10 13:52:34,718 ERROR [http-nio-8080-exec-2] c.t.t.c.a.ExceptionAdvice [ExceptionAdvice.java:24] org.apache.catalina.core.StandardContextValve.invoke(StandardContextValve.java:96)
2020-05-10 13:52:34,718 ERROR [http-nio-8080-exec-2] c.t.t.c.a.ExceptionAdvice [ExceptionAdvice.java:24] org.apache.catalina.authenticator.AuthenticatorBase.invoke(AuthenticatorBase.java:490)
2020-05-10 13:52:34,718 ERROR [http-nio-8080-exec-2] c.t.t.c.a.ExceptionAdvice [ExceptionAdvice.java:24] org.apache.catalina.core.StandardHostValve.invoke(StandardHostValve.java:139)
2020-05-10 13:52:34,718 ERROR [http-nio-8080-exec-2] c.t.t.c.a.ExceptionAdvice [ExceptionAdvice.java:24] org.apache.catalina.valves.ErrorReportValve.invoke(ErrorReportValve.java:92)
2020-05-10 13:52:34,718 ERROR [http-nio-8080-exec-2] c.t.t.c.a.ExceptionAdvice [ExceptionAdvice.java:24] org.apache.catalina.core.StandardEngineValve.invoke(StandardEngineValve.java:74)
2020-05-10 13:52:34,718 ERROR [http-nio-8080-exec-2] c.t.t.c.a.ExceptionAdvice [ExceptionAdvice.java:24] org.apache.catalina.connector.CoyoteAdapter.service(CoyoteAdapter.java:343)
2020-05-10 13:52:34,718 ERROR [http-nio-8080-exec-2] c.t.t.c.a.ExceptionAdvice [ExceptionAdvice.java:24] org.apache.coyote.http11.Http11Processor.service(Http11Processor.java:408)
2020-05-10 13:52:34,719 ERROR [http-nio-8080-exec-2] c.t.t.c.a.ExceptionAdvice [ExceptionAdvice.java:24] org.apache.coyote.AbstractProcessorLight.process(AbstractProcessorLight.java:66)
2020-05-10 13:52:34,719 ERROR [http-nio-8080-exec-2] c.t.t.c.a.ExceptionAdvice [ExceptionAdvice.java:24] org.apache.coyote.AbstractProtocol$ConnectionHandler.process(AbstractProtocol.java:836)
2020-05-10 13:52:34,719 ERROR [http-nio-8080-exec-2] c.t.t.c.a.ExceptionAdvice [ExceptionAdvice.java:24] org.apache.tomcat.util.net.NioEndpoint$SocketProcessor.doRun(NioEndpoint.java:1747)
2020-05-10 13:52:34,719 ERROR [http-nio-8080-exec-2] c.t.t.c.a.ExceptionAdvice [ExceptionAdvice.java:24] org.apache.tomcat.util.net.SocketProcessorBase.run(SocketProcessorBase.java:49)
2020-05-10 13:52:34,719 ERROR [http-nio-8080-exec-2] c.t.t.c.a.ExceptionAdvice [ExceptionAdvice.java:24] java.util.concurrent.ThreadPoolExecutor.runWorker(ThreadPoolExecutor.java:1142)
2020-05-10 13:52:34,719 ERROR [http-nio-8080-exec-2] c.t.t.c.a.ExceptionAdvice [ExceptionAdvice.java:24] java.util.concurrent.ThreadPoolExecutor$Worker.run(ThreadPoolExecutor.java:617)
2020-05-10 13:52:34,719 ERROR [http-nio-8080-exec-2] c.t.t.c.a.ExceptionAdvice [ExceptionAdvice.java:24] org.apache.tomcat.util.threads.TaskThread$WrappingRunnable.run(TaskThread.java:61)
2020-05-10 13:52:34,719 ERROR [http-nio-8080-exec-2] c.t.t.c.a.ExceptionAdvice [ExceptionAdvice.java:24] java.lang.Thread.run(Thread.java:748)
2020-05-10 14:38:25,515 ERROR [http-nio-8080-exec-5] c.t.t.c.a.ExceptionAdvice [ExceptionAdvice.java:22] 服务器发生异常: Content type 'multipart/form-data;boundary=--------------------------537915574840058430022276;charset=UTF-8' not supported
2020-05-10 14:38:25,516 ERROR [http-nio-8080-exec-5] c.t.t.c.a.ExceptionAdvice [ExceptionAdvice.java:24] org.springframework.web.servlet.mvc.method.annotation.AbstractMessageConverterMethodArgumentResolver.readWithMessageConverters(AbstractMessageConverterMethodArgumentResolver.java:224)
2020-05-10 14:38:25,516 ERROR [http-nio-8080-exec-5] c.t.t.c.a.ExceptionAdvice [ExceptionAdvice.java:24] org.springframework.web.servlet.mvc.method.annotation.RequestResponseBodyMethodProcessor.readWithMessageConverters(RequestResponseBodyMethodProcessor.java:157)
2020-05-10 14:38:25,516 ERROR [http-nio-8080-exec-5] c.t.t.c.a.ExceptionAdvice [ExceptionAdvice.java:24] org.springframework.web.servlet.mvc.method.annotation.RequestResponseBodyMethodProcessor.resolveArgument(RequestResponseBodyMethodProcessor.java:130)
2020-05-10 14:38:25,517 ERROR [http-nio-8080-exec-5] c.t.t.c.a.ExceptionAdvice [ExceptionAdvice.java:24] org.springframework.web.method.support.HandlerMethodArgumentResolverComposite.resolveArgument(HandlerMethodArgumentResolverComposite.java:126)
2020-05-10 14:38:25,517 ERROR [http-nio-8080-exec-5] c.t.t.c.a.ExceptionAdvice [ExceptionAdvice.java:24] org.springframework.web.method.support.InvocableHandlerMethod.getMethodArgumentValues(InvocableHandlerMethod.java:167)
2020-05-10 14:38:25,517 ERROR [http-nio-8080-exec-5] c.t.t.c.a.ExceptionAdvice [ExceptionAdvice.java:24] org.springframework.web.method.support.InvocableHandlerMethod.invokeForRequest(InvocableHandlerMethod.java:134)
2020-05-10 14:38:25,517 ERROR [http-nio-8080-exec-5] c.t.t.c.a.ExceptionAdvice [ExceptionAdvice.java:24] org.springframework.web.servlet.mvc.method.annotation.ServletInvocableHandlerMethod.invokeAndHandle(ServletInvocableHandlerMethod.java:104)
2020-05-10 14:38:25,518 ERROR [http-nio-8080-exec-5] c.t.t.c.a.ExceptionAdvice [ExceptionAdvice.java:24] org.springframework.web.servlet.mvc.method.annotation.RequestMappingHandlerAdapter.invokeHandlerMethod(RequestMappingHandlerAdapter.java:892)
2020-05-10 14:38:25,518 ERROR [http-nio-8080-exec-5] c.t.t.c.a.ExceptionAdvice [ExceptionAdvice.java:24] org.springframework.web.servlet.mvc.method.annotation.RequestMappingHandlerAdapter.handleInternal(RequestMappingHandlerAdapter.java:797)
2020-05-10 14:38:25,518 ERROR [http-nio-8080-exec-5] c.t.t.c.a.ExceptionAdvice [ExceptionAdvice.java:24] org.springframework.web.servlet.mvc.method.AbstractHandlerMethodAdapter.handle(AbstractHandlerMethodAdapter.java:87)
2020-05-10 14:38:25,518 ERROR [http-nio-8080-exec-5] c.t.t.c.a.ExceptionAdvice [ExceptionAdvice.java:24] org.springframework.web.servlet.DispatcherServlet.doDispatch(DispatcherServlet.java:1039)
2020-05-10 14:38:25,518 ERROR [http-nio-8080-exec-5] c.t.t.c.a.ExceptionAdvice [ExceptionAdvice.java:24] org.springframework.web.servlet.DispatcherServlet.doService(DispatcherServlet.java:942)
2020-05-10 14:38:25,518 ERROR [http-nio-8080-exec-5] c.t.t.c.a.ExceptionAdvice [ExceptionAdvice.java:24] org.springframework.web.servlet.FrameworkServlet.processRequest(FrameworkServlet.java:1005)
2020-05-10 14:38:25,518 ERROR [http-nio-8080-exec-5] c.t.t.c.a.ExceptionAdvice [ExceptionAdvice.java:24] org.springframework.web.servlet.FrameworkServlet.doPost(FrameworkServlet.java:908)
2020-05-10 14:38:25,519 ERROR [http-nio-8080-exec-5] c.t.t.c.a.ExceptionAdvice [ExceptionAdvice.java:24] javax.servlet.http.HttpServlet.service(HttpServlet.java:660)
2020-05-10 14:38:25,519 ERROR [http-nio-8080-exec-5] c.t.t.c.a.ExceptionAdvice [ExceptionAdvice.java:24] org.springframework.web.servlet.FrameworkServlet.service(FrameworkServlet.java:882)
2020-05-10 14:38:25,519 ERROR [http-nio-8080-exec-5] c.t.t.c.a.ExceptionAdvice [ExceptionAdvice.java:24] javax.servlet.http.HttpServlet.service(HttpServlet.java:741)
2020-05-10 14:38:25,519 ERROR [http-nio-8080-exec-5] c.t.t.c.a.ExceptionAdvice [ExceptionAdvice.java:24] org.apache.catalina.core.ApplicationFilterChain.internalDoFilter(ApplicationFilterChain.java:231)
2020-05-10 14:38:25,519 ERROR [http-nio-8080-exec-5] c.t.t.c.a.ExceptionAdvice [ExceptionAdvice.java:24] org.apache.catalina.core.ApplicationFilterChain.doFilter(ApplicationFilterChain.java:166)
2020-05-10 14:38:25,520 ERROR [http-nio-8080-exec-5] c.t.t.c.a.ExceptionAdvice [ExceptionAdvice.java:24] org.apache.tomcat.websocket.server.WsFilter.doFilter(WsFilter.java:53)
2020-05-10 14:38:25,520 ERROR [http-nio-8080-exec-5] c.t.t.c.a.ExceptionAdvice [ExceptionAdvice.java:24] org.apache.catalina.core.ApplicationFilterChain.internalDoFilter(ApplicationFilterChain.java:193)
2020-05-10 14:38:25,520 ERROR [http-nio-8080-exec-5] c.t.t.c.a.ExceptionAdvice [ExceptionAdvice.java:24] org.apache.catalina.core.ApplicationFilterChain.doFilter(ApplicationFilterChain.java:166)
2020-05-10 14:38:25,520 ERROR [http-nio-8080-exec-5] c.t.t.c.a.ExceptionAdvice [ExceptionAdvice.java:24] org.springframework.web.filter.RequestContextFilter.doFilterInternal(RequestContextFilter.java:99)
2020-05-10 14:38:25,520 ERROR [http-nio-8080-exec-5] c.t.t.c.a.ExceptionAdvice [ExceptionAdvice.java:24] org.springframework.web.filter.OncePerRequestFilter.doFilter(OncePerRequestFilter.java:107)
2020-05-10 14:38:25,520 ERROR [http-nio-8080-exec-5] c.t.t.c.a.ExceptionAdvice [ExceptionAdvice.java:24] org.apache.catalina.core.ApplicationFilterChain.internalDoFilter(ApplicationFilterChain.java:193)
2020-05-10 14:38:25,520 ERROR [http-nio-8080-exec-5] c.t.t.c.a.ExceptionAdvice [ExceptionAdvice.java:24] org.apache.catalina.core.ApplicationFilterChain.doFilter(ApplicationFilterChain.java:166)
2020-05-10 14:38:25,521 ERROR [http-nio-8080-exec-5] c.t.t.c.a.ExceptionAdvice [ExceptionAdvice.java:24] org.springframework.web.filter.FormContentFilter.doFilterInternal(FormContentFilter.java:92)
2020-05-10 14:38:25,521 ERROR [http-nio-8080-exec-5] c.t.t.c.a.ExceptionAdvice [ExceptionAdvice.java:24] org.springframework.web.filter.OncePerRequestFilter.doFilter(OncePerRequestFilter.java:107)
2020-05-10 14:38:25,521 ERROR [http-nio-8080-exec-5] c.t.t.c.a.ExceptionAdvice [ExceptionAdvice.java:24] org.apache.catalina.core.ApplicationFilterChain.internalDoFilter(ApplicationFilterChain.java:193)
2020-05-10 14:38:25,521 ERROR [http-nio-8080-exec-5] c.t.t.c.a.ExceptionAdvice [ExceptionAdvice.java:24] org.apache.catalina.core.ApplicationFilterChain.doFilter(ApplicationFilterChain.java:166)
2020-05-10 14:38:25,521 ERROR [http-nio-8080-exec-5] c.t.t.c.a.ExceptionAdvice [ExceptionAdvice.java:24] org.springframework.web.filter.HiddenHttpMethodFilter.doFilterInternal(HiddenHttpMethodFilter.java:93)
2020-05-10 14:38:25,521 ERROR [http-nio-8080-exec-5] c.t.t.c.a.ExceptionAdvice [ExceptionAdvice.java:24] org.springframework.web.filter.OncePerRequestFilter.doFilter(OncePerRequestFilter.java:107)
2020-05-10 14:38:25,521 ERROR [http-nio-8080-exec-5] c.t.t.c.a.ExceptionAdvice [ExceptionAdvice.java:24] org.apache.catalina.core.ApplicationFilterChain.internalDoFilter(ApplicationFilterChain.java:193)
2020-05-10 14:38:25,521 ERROR [http-nio-8080-exec-5] c.t.t.c.a.ExceptionAdvice [ExceptionAdvice.java:24] org.apache.catalina.core.ApplicationFilterChain.doFilter(ApplicationFilterChain.java:166)
2020-05-10 14:38:25,522 ERROR [http-nio-8080-exec-5] c.t.t.c.a.ExceptionAdvice [ExceptionAdvice.java:24] org.springframework.web.filter.CharacterEncodingFilter.doFilterInternal(CharacterEncodingFilter.java:200)
2020-05-10 14:38:25,522 ERROR [http-nio-8080-exec-5] c.t.t.c.a.ExceptionAdvice [ExceptionAdvice.java:24] org.springframework.web.filter.OncePerRequestFilter.doFilter(OncePerRequestFilter.java:107)
2020-05-10 14:38:25,522 ERROR [http-nio-8080-exec-5] c.t.t.c.a.ExceptionAdvice [ExceptionAdvice.java:24] org.apache.catalina.core.ApplicationFilterChain.internalDoFilter(ApplicationFilterChain.java:193)
2020-05-10 14:38:25,522 ERROR [http-nio-8080-exec-5] c.t.t.c.a.ExceptionAdvice [ExceptionAdvice.java:24] org.apache.catalina.core.ApplicationFilterChain.doFilter(ApplicationFilterChain.java:166)
2020-05-10 14:38:25,522 ERROR [http-nio-8080-exec-5] c.t.t.c.a.ExceptionAdvice [ExceptionAdvice.java:24] org.apache.catalina.core.StandardWrapperValve.invoke(StandardWrapperValve.java:200)
2020-05-10 14:38:25,522 ERROR [http-nio-8080-exec-5] c.t.t.c.a.ExceptionAdvice [ExceptionAdvice.java:24] org.apache.catalina.core.StandardContextValve.invoke(StandardContextValve.java:96)
2020-05-10 14:38:25,522 ERROR [http-nio-8080-exec-5] c.t.t.c.a.ExceptionAdvice [ExceptionAdvice.java:24] org.apache.catalina.authenticator.AuthenticatorBase.invoke(AuthenticatorBase.java:490)
2020-05-10 14:38:25,522 ERROR [http-nio-8080-exec-5] c.t.t.c.a.ExceptionAdvice [ExceptionAdvice.java:24] org.apache.catalina.core.StandardHostValve.invoke(StandardHostValve.java:139)
2020-05-10 14:38:25,523 ERROR [http-nio-8080-exec-5] c.t.t.c.a.ExceptionAdvice [ExceptionAdvice.java:24] org.apache.catalina.valves.ErrorReportValve.invoke(ErrorReportValve.java:92)
2020-05-10 14:38:25,523 ERROR [http-nio-8080-exec-5] c.t.t.c.a.ExceptionAdvice [ExceptionAdvice.java:24] org.apache.catalina.core.StandardEngineValve.invoke(StandardEngineValve.java:74)
2020-05-10 14:38:25,523 ERROR [http-nio-8080-exec-5] c.t.t.c.a.ExceptionAdvice [ExceptionAdvice.java:24] org.apache.catalina.connector.CoyoteAdapter.service(CoyoteAdapter.java:343)
2020-05-10 14:38:25,523 ERROR [http-nio-8080-exec-5] c.t.t.c.a.ExceptionAdvice [ExceptionAdvice.java:24] org.apache.coyote.http11.Http11Processor.service(Http11Processor.java:408)
2020-05-10 14:38:25,523 ERROR [http-nio-8080-exec-5] c.t.t.c.a.ExceptionAdvice [ExceptionAdvice.java:24] org.apache.coyote.AbstractProcessorLight.process(AbstractProcessorLight.java:66)
2020-05-10 14:38:25,523 ERROR [http-nio-8080-exec-5] c.t.t.c.a.ExceptionAdvice [ExceptionAdvice.java:24] org.apache.coyote.AbstractProtocol$ConnectionHandler.process(AbstractProtocol.java:836)
2020-05-10 14:38:25,523 ERROR [http-nio-8080-exec-5] c.t.t.c.a.ExceptionAdvice [ExceptionAdvice.java:24] org.apache.tomcat.util.net.NioEndpoint$SocketProcessor.doRun(NioEndpoint.java:1747)
2020-05-10 14:38:25,523 ERROR [http-nio-8080-exec-5] c.t.t.c.a.ExceptionAdvice [ExceptionAdvice.java:24] org.apache.tomcat.util.net.SocketProcessorBase.run(SocketProcessorBase.java:49)
2020-05-10 14:38:25,523 ERROR [http-nio-8080-exec-5] c.t.t.c.a.ExceptionAdvice [ExceptionAdvice.java:24] java.util.concurrent.ThreadPoolExecutor.runWorker(ThreadPoolExecutor.java:1142)
2020-05-10 14:38:25,524 ERROR [http-nio-8080-exec-5] c.t.t.c.a.ExceptionAdvice [ExceptionAdvice.java:24] java.util.concurrent.ThreadPoolExecutor$Worker.run(ThreadPoolExecutor.java:617)
2020-05-10 14:38:25,524 ERROR [http-nio-8080-exec-5] c.t.t.c.a.ExceptionAdvice [ExceptionAdvice.java:24] org.apache.tomcat.util.threads.TaskThread$WrappingRunnable.run(TaskThread.java:61)
2020-05-10 14:38:25,524 ERROR [http-nio-8080-exec-5] c.t.t.c.a.ExceptionAdvice [ExceptionAdvice.java:24] java.lang.Thread.run(Thread.java:748)
2020-05-10 15:56:56,643 ERROR [http-nio-8080-exec-7] c.t.t.c.a.ExceptionAdvice [ExceptionAdvice.java:22] 服务器发生异常: Optional int parameter 'entityType' is present but cannot be translated into a null value due to being declared as a primitive type. Consider declaring it as object wrapper for the corresponding primitive type.
2020-05-10 15:56:56,644 ERROR [http-nio-8080-exec-7] c.t.t.c.a.ExceptionAdvice [ExceptionAdvice.java:24] org.springframework.web.method.annotation.AbstractNamedValueMethodArgumentResolver.handleNullValue(AbstractNamedValueMethodArgumentResolver.java:245)
2020-05-10 15:56:56,644 ERROR [http-nio-8080-exec-7] c.t.t.c.a.ExceptionAdvice [ExceptionAdvice.java:24] org.springframework.web.method.annotation.AbstractNamedValueMethodArgumentResolver.resolveArgument(AbstractNamedValueMethodArgumentResolver.java:115)
2020-05-10 15:56:56,644 ERROR [http-nio-8080-exec-7] c.t.t.c.a.ExceptionAdvice [ExceptionAdvice.java:24] org.springframework.web.method.support.HandlerMethodArgumentResolverComposite.resolveArgument(HandlerMethodArgumentResolverComposite.java:126)
2020-05-10 15:56:56,645 ERROR [http-nio-8080-exec-7] c.t.t.c.a.ExceptionAdvice [ExceptionAdvice.java:24] org.springframework.web.method.support.InvocableHandlerMethod.getMethodArgumentValues(InvocableHandlerMethod.java:167)
2020-05-10 15:56:56,645 ERROR [http-nio-8080-exec-7] c.t.t.c.a.ExceptionAdvice [ExceptionAdvice.java:24] org.springframework.web.method.support.InvocableHandlerMethod.invokeForRequest(InvocableHandlerMethod.java:134)
2020-05-10 15:56:56,645 ERROR [http-nio-8080-exec-7] c.t.t.c.a.ExceptionAdvice [ExceptionAdvice.java:24] org.springframework.web.servlet.mvc.method.annotation.ServletInvocableHandlerMethod.invokeAndHandle(ServletInvocableHandlerMethod.java:104)
2020-05-10 15:56:56,645 ERROR [http-nio-8080-exec-7] c.t.t.c.a.ExceptionAdvice [ExceptionAdvice.java:24] org.springframework.web.servlet.mvc.method.annotation.RequestMappingHandlerAdapter.invokeHandlerMethod(RequestMappingHandlerAdapter.java:892)
2020-05-10 15:56:56,645 ERROR [http-nio-8080-exec-7] c.t.t.c.a.ExceptionAdvice [ExceptionAdvice.java:24] org.springframework.web.servlet.mvc.method.annotation.RequestMappingHandlerAdapter.handleInternal(RequestMappingHandlerAdapter.java:797)
2020-05-10 15:56:56,645 ERROR [http-nio-8080-exec-7] c.t.t.c.a.ExceptionAdvice [ExceptionAdvice.java:24] org.springframework.web.servlet.mvc.method.AbstractHandlerMethodAdapter.handle(AbstractHandlerMethodAdapter.java:87)
2020-05-10 15:56:56,645 ERROR [http-nio-8080-exec-7] c.t.t.c.a.ExceptionAdvice [ExceptionAdvice.java:24] org.springframework.web.servlet.DispatcherServlet.doDispatch(DispatcherServlet.java:1039)
2020-05-10 15:56:56,645 ERROR [http-nio-8080-exec-7] c.t.t.c.a.ExceptionAdvice [ExceptionAdvice.java:24] org.springframework.web.servlet.DispatcherServlet.doService(DispatcherServlet.java:942)
2020-05-10 15:56:56,645 ERROR [http-nio-8080-exec-7] c.t.t.c.a.ExceptionAdvice [ExceptionAdvice.java:24] org.springframework.web.servlet.FrameworkServlet.processRequest(FrameworkServlet.java:1005)
2020-05-10 15:56:56,646 ERROR [http-nio-8080-exec-7] c.t.t.c.a.ExceptionAdvice [ExceptionAdvice.java:24] org.springframework.web.servlet.FrameworkServlet.doPost(FrameworkServlet.java:908)
2020-05-10 15:56:56,646 ERROR [http-nio-8080-exec-7] c.t.t.c.a.ExceptionAdvice [ExceptionAdvice.java:24] javax.servlet.http.HttpServlet.service(HttpServlet.java:660)
2020-05-10 15:56:56,646 ERROR [http-nio-8080-exec-7] c.t.t.c.a.ExceptionAdvice [ExceptionAdvice.java:24] org.springframework.web.servlet.FrameworkServlet.service(FrameworkServlet.java:882)
2020-05-10 15:56:56,646 ERROR [http-nio-8080-exec-7] c.t.t.c.a.ExceptionAdvice [ExceptionAdvice.java:24] javax.servlet.http.HttpServlet.service(HttpServlet.java:741)
2020-05-10 15:56:56,646 ERROR [http-nio-8080-exec-7] c.t.t.c.a.ExceptionAdvice [ExceptionAdvice.java:24] org.apache.catalina.core.ApplicationFilterChain.internalDoFilter(ApplicationFilterChain.java:231)
2020-05-10 15:56:56,646 ERROR [http-nio-8080-exec-7] c.t.t.c.a.ExceptionAdvice [ExceptionAdvice.java:24] org.apache.catalina.core.ApplicationFilterChain.doFilter(ApplicationFilterChain.java:166)
2020-05-10 15:56:56,646 ERROR [http-nio-8080-exec-7] c.t.t.c.a.ExceptionAdvice [ExceptionAdvice.java:24] org.apache.tomcat.websocket.server.WsFilter.doFilter(WsFilter.java:53)
2020-05-10 15:56:56,646 ERROR [http-nio-8080-exec-7] c.t.t.c.a.ExceptionAdvice [ExceptionAdvice.java:24] org.apache.catalina.core.ApplicationFilterChain.internalDoFilter(ApplicationFilterChain.java:193)
2020-05-10 15:56:56,647 ERROR [http-nio-8080-exec-7] c.t.t.c.a.ExceptionAdvice [ExceptionAdvice.java:24] org.apache.catalina.core.ApplicationFilterChain.doFilter(ApplicationFilterChain.java:166)
2020-05-10 15:56:56,647 ERROR [http-nio-8080-exec-7] c.t.t.c.a.ExceptionAdvice [ExceptionAdvice.java:24] org.springframework.web.filter.RequestContextFilter.doFilterInternal(RequestContextFilter.java:99)
2020-05-10 15:56:56,647 ERROR [http-nio-8080-exec-7] c.t.t.c.a.ExceptionAdvice [ExceptionAdvice.java:24] org.springframework.web.filter.OncePerRequestFilter.doFilter(OncePerRequestFilter.java:107)
2020-05-10 15:56:56,647 ERROR [http-nio-8080-exec-7] c.t.t.c.a.ExceptionAdvice [ExceptionAdvice.java:24] org.apache.catalina.core.ApplicationFilterChain.internalDoFilter(ApplicationFilterChain.java:193)
2020-05-10 15:56:56,647 ERROR [http-nio-8080-exec-7] c.t.t.c.a.ExceptionAdvice [ExceptionAdvice.java:24] org.apache.catalina.core.ApplicationFilterChain.doFilter(ApplicationFilterChain.java:166)
2020-05-10 15:56:56,647 ERROR [http-nio-8080-exec-7] c.t.t.c.a.ExceptionAdvice [ExceptionAdvice.java:24] org.springframework.web.filter.FormContentFilter.doFilterInternal(FormContentFilter.java:92)
2020-05-10 15:56:56,647 ERROR [http-nio-8080-exec-7] c.t.t.c.a.ExceptionAdvice [ExceptionAdvice.java:24] org.springframework.web.filter.OncePerRequestFilter.doFilter(OncePerRequestFilter.java:107)
2020-05-10 15:56:56,648 ERROR [http-nio-8080-exec-7] c.t.t.c.a.ExceptionAdvice [ExceptionAdvice.java:24] org.apache.catalina.core.ApplicationFilterChain.internalDoFilter(ApplicationFilterChain.java:193)
2020-05-10 15:56:56,648 ERROR [http-nio-8080-exec-7] c.t.t.c.a.ExceptionAdvice [ExceptionAdvice.java:24] org.apache.catalina.core.ApplicationFilterChain.doFilter(ApplicationFilterChain.java:166)
2020-05-10 15:56:56,648 ERROR [http-nio-8080-exec-7] c.t.t.c.a.ExceptionAdvice [ExceptionAdvice.java:24] org.springframework.web.filter.HiddenHttpMethodFilter.doFilterInternal(HiddenHttpMethodFilter.java:93)
2020-05-10 15:56:56,648 ERROR [http-nio-8080-exec-7] c.t.t.c.a.ExceptionAdvice [ExceptionAdvice.java:24] org.springframework.web.filter.OncePerRequestFilter.doFilter(OncePerRequestFilter.java:107)
2020-05-10 15:56:56,649 ERROR [http-nio-8080-exec-7] c.t.t.c.a.ExceptionAdvice [ExceptionAdvice.java:24] org.apache.catalina.core.ApplicationFilterChain.internalDoFilter(ApplicationFilterChain.java:193)
2020-05-10 15:56:56,649 ERROR [http-nio-8080-exec-7] c.t.t.c.a.ExceptionAdvice [ExceptionAdvice.java:24] org.apache.catalina.core.ApplicationFilterChain.doFilter(ApplicationFilterChain.java:166)
2020-05-10 15:56:56,649 ERROR [http-nio-8080-exec-7] c.t.t.c.a.ExceptionAdvice [ExceptionAdvice.java:24] org.springframework.web.filter.CharacterEncodingFilter.doFilterInternal(CharacterEncodingFilter.java:200)
2020-05-10 15:56:56,649 ERROR [http-nio-8080-exec-7] c.t.t.c.a.ExceptionAdvice [ExceptionAdvice.java:24] org.springframework.web.filter.OncePerRequestFilter.doFilter(OncePerRequestFilter.java:107)
2020-05-10 15:56:56,649 ERROR [http-nio-8080-exec-7] c.t.t.c.a.ExceptionAdvice [ExceptionAdvice.java:24] org.apache.catalina.core.ApplicationFilterChain.internalDoFilter(ApplicationFilterChain.java:193)
2020-05-10 15:56:56,650 ERROR [http-nio-8080-exec-7] c.t.t.c.a.ExceptionAdvice [ExceptionAdvice.java:24] org.apache.catalina.core.ApplicationFilterChain.doFilter(ApplicationFilterChain.java:166)
2020-05-10 15:56:56,650 ERROR [http-nio-8080-exec-7] c.t.t.c.a.ExceptionAdvice [ExceptionAdvice.java:24] org.apache.catalina.core.StandardWrapperValve.invoke(StandardWrapperValve.java:200)
2020-05-10 15:56:56,650 ERROR [http-nio-8080-exec-7] c.t.t.c.a.ExceptionAdvice [ExceptionAdvice.java:24] org.apache.catalina.core.StandardContextValve.invoke(StandardContextValve.java:96)
2020-05-10 15:56:56,650 ERROR [http-nio-8080-exec-7] c.t.t.c.a.ExceptionAdvice [ExceptionAdvice.java:24] org.apache.catalina.authenticator.AuthenticatorBase.invoke(AuthenticatorBase.java:490)
2020-05-10 15:56:56,650 ERROR [http-nio-8080-exec-7] c.t.t.c.a.ExceptionAdvice [ExceptionAdvice.java:24] org.apache.catalina.core.StandardHostValve.invoke(StandardHostValve.java:139)
2020-05-10 15:56:56,650 ERROR [http-nio-8080-exec-7] c.t.t.c.a.ExceptionAdvice [ExceptionAdvice.java:24] org.apache.catalina.valves.ErrorReportValve.invoke(ErrorReportValve.java:92)
2020-05-10 15:56:56,650 ERROR [http-nio-8080-exec-7] c.t.t.c.a.ExceptionAdvice [ExceptionAdvice.java:24] org.apache.catalina.core.StandardEngineValve.invoke(StandardEngineValve.java:74)
2020-05-10 15:56:56,651 ERROR [http-nio-8080-exec-7] c.t.t.c.a.ExceptionAdvice [ExceptionAdvice.java:24] org.apache.catalina.connector.CoyoteAdapter.service(CoyoteAdapter.java:343)
2020-05-10 15:56:56,651 ERROR [http-nio-8080-exec-7] c.t.t.c.a.ExceptionAdvice [ExceptionAdvice.java:24] org.apache.coyote.http11.Http11Processor.service(Http11Processor.java:408)
2020-05-10 15:56:56,651 ERROR [http-nio-8080-exec-7] c.t.t.c.a.ExceptionAdvice [ExceptionAdvice.java:24] org.apache.coyote.AbstractProcessorLight.process(AbstractProcessorLight.java:66)
2020-05-10 15:56:56,651 ERROR [http-nio-8080-exec-7] c.t.t.c.a.ExceptionAdvice [ExceptionAdvice.java:24] org.apache.coyote.AbstractProtocol$ConnectionHandler.process(AbstractProtocol.java:836)
2020-05-10 15:56:56,651 ERROR [http-nio-8080-exec-7] c.t.t.c.a.ExceptionAdvice [ExceptionAdvice.java:24] org.apache.tomcat.util.net.NioEndpoint$SocketProcessor.doRun(NioEndpoint.java:1747)
2020-05-10 15:56:56,652 ERROR [http-nio-8080-exec-7] c.t.t.c.a.ExceptionAdvice [ExceptionAdvice.java:24] org.apache.tomcat.util.net.SocketProcessorBase.run(SocketProcessorBase.java:49)
2020-05-10 15:56:56,652 ERROR [http-nio-8080-exec-7] c.t.t.c.a.ExceptionAdvice [ExceptionAdvice.java:24] java.util.concurrent.ThreadPoolExecutor.runWorker(ThreadPoolExecutor.java:1142)
2020-05-10 15:56:56,652 ERROR [http-nio-8080-exec-7] c.t.t.c.a.ExceptionAdvice [ExceptionAdvice.java:24] java.util.concurrent.ThreadPoolExecutor$Worker.run(ThreadPoolExecutor.java:617)
2020-05-10 15:56:56,652 ERROR [http-nio-8080-exec-7] c.t.t.c.a.ExceptionAdvice [ExceptionAdvice.java:24] org.apache.tomcat.util.threads.TaskThread$WrappingRunnable.run(TaskThread.java:61)
2020-05-10 15:56:56,652 ERROR [http-nio-8080-exec-7] c.t.t.c.a.ExceptionAdvice [ExceptionAdvice.java:24] java.lang.Thread.run(Thread.java:748)
2020-05-10 18:24:29,585 ERROR [restartedMain] o.s.b.SpringApplication [SpringApplication.java:858] Application run failed
org.springframework.beans.factory.BeanCreationException: Error creating bean with name 'userController' defined in file [C:\Users\cwteng\Desktop\toolmantalk\target\classes\com\toolman\toolmantalk\controller\UserController.class]: Post-processing of merged bean definition failed; nested exception is java.lang.IllegalStateException: Failed to introspect Class [com.toolman.toolmantalk.controller.UserController] from ClassLoader [org.springframework.boot.devtools.restart.classloader.RestartClassLoader@e85322e]
	at org.springframework.beans.factory.support.AbstractAutowireCapableBeanFactory.doCreateBean(AbstractAutowireCapableBeanFactory.java:570)
	at org.springframework.beans.factory.support.AbstractAutowireCapableBeanFactory.createBean(AbstractAutowireCapableBeanFactory.java:515)
	at org.springframework.beans.factory.support.AbstractBeanFactory.lambda$doGetBean$0(AbstractBeanFactory.java:320)
	at org.springframework.beans.factory.support.DefaultSingletonBeanRegistry.getSingleton(DefaultSingletonBeanRegistry.java:222)
	at org.springframework.beans.factory.support.AbstractBeanFactory.doGetBean(AbstractBeanFactory.java:318)
	at org.springframework.beans.factory.support.AbstractBeanFactory.getBean(AbstractBeanFactory.java:199)
	at org.springframework.beans.factory.support.DefaultListableBeanFactory.preInstantiateSingletons(DefaultListableBeanFactory.java:843)
	at org.springframework.context.support.AbstractApplicationContext.finishBeanFactoryInitialization(AbstractApplicationContext.java:877)
	at org.springframework.context.support.AbstractApplicationContext.refresh(AbstractApplicationContext.java:549)
	at org.springframework.boot.web.servlet.context.ServletWebServerApplicationContext.refresh(ServletWebServerApplicationContext.java:142)
	at org.springframework.boot.SpringApplication.refresh(SpringApplication.java:775)
	at org.springframework.boot.SpringApplication.refreshContext(SpringApplication.java:397)
	at org.springframework.boot.SpringApplication.run(SpringApplication.java:316)
	at org.springframework.boot.SpringApplication.run(SpringApplication.java:1260)
	at org.springframework.boot.SpringApplication.run(SpringApplication.java:1248)
	at com.toolman.toolmantalk.ToolManTalkApplication.main(ToolManTalkApplication.java:10)
	at sun.reflect.NativeMethodAccessorImpl.invoke0(Native Method)
	at sun.reflect.NativeMethodAccessorImpl.invoke(NativeMethodAccessorImpl.java:62)
	at sun.reflect.DelegatingMethodAccessorImpl.invoke(DelegatingMethodAccessorImpl.java:43)
	at java.lang.reflect.Method.invoke(Method.java:498)
	at org.springframework.boot.devtools.restart.RestartLauncher.run(RestartLauncher.java:49)
Caused by: java.lang.IllegalStateException: Failed to introspect Class [com.toolman.toolmantalk.controller.UserController] from ClassLoader [org.springframework.boot.devtools.restart.classloader.RestartClassLoader@e85322e]
	at org.springframework.util.ReflectionUtils.getDeclaredFields(ReflectionUtils.java:760)
	at org.springframework.util.ReflectionUtils.doWithLocalFields(ReflectionUtils.java:692)
	at org.springframework.context.annotation.CommonAnnotationBeanPostProcessor.buildResourceMetadata(CommonAnnotationBeanPostProcessor.java:365)
	at org.springframework.context.annotation.CommonAnnotationBeanPostProcessor.findResourceMetadata(CommonAnnotationBeanPostProcessor.java:350)
	at org.springframework.context.annotation.CommonAnnotationBeanPostProcessor.postProcessMergedBeanDefinition(CommonAnnotationBeanPostProcessor.java:298)
	at org.springframework.beans.factory.support.AbstractAutowireCapableBeanFactory.applyMergedBeanDefinitionPostProcessors(AbstractAutowireCapableBeanFactory.java:1077)
	at org.springframework.beans.factory.support.AbstractAutowireCapableBeanFactory.doCreateBean(AbstractAutowireCapableBeanFactory.java:567)
	... 20 common frames omitted
Caused by: java.lang.NoClassDefFoundError: Lcom/toolman/toolmantalk/service/FollowService;
	at java.lang.Class.getDeclaredFields0(Native Method)
	at java.lang.Class.privateGetDeclaredFields(Class.java:2583)
	at java.lang.Class.getDeclaredFields(Class.java:1916)
	at org.springframework.util.ReflectionUtils.getDeclaredFields(ReflectionUtils.java:755)
	... 26 common frames omitted
Caused by: java.lang.ClassNotFoundException: com.toolman.toolmantalk.service.FollowService
	at java.net.URLClassLoader.findClass(URLClassLoader.java:381)
	at java.lang.ClassLoader.loadClass(ClassLoader.java:424)
	at sun.misc.Launcher$AppClassLoader.loadClass(Launcher.java:335)
	at java.lang.ClassLoader.loadClass(ClassLoader.java:357)
	at org.springframework.boot.devtools.restart.classloader.RestartClassLoader.loadClass(RestartClassLoader.java:148)
	at java.lang.ClassLoader.loadClass(ClassLoader.java:357)
	... 30 common frames omitted
2020-05-10 18:42:07,519 ERROR [restartedMain] i.n.u.ResourceLeakDetector [ResourceLeakDetector.java:317] LEAK: HashedWheelTimer.release() was not called before it's garbage-collected. See http://netty.io/wiki/reference-counted-objects.html for more information.
Recent access records: 
Created at:
	io.netty.util.HashedWheelTimer.<init>(HashedWheelTimer.java:284)
	io.netty.util.HashedWheelTimer.<init>(HashedWheelTimer.java:217)
	io.netty.util.HashedWheelTimer.<init>(HashedWheelTimer.java:196)
	io.netty.util.HashedWheelTimer.<init>(HashedWheelTimer.java:178)
	io.netty.util.HashedWheelTimer.<init>(HashedWheelTimer.java:162)
	io.lettuce.core.resource.DefaultClientResources.<init>(DefaultClientResources.java:169)
	io.lettuce.core.resource.DefaultClientResources$Builder.build(DefaultClientResources.java:532)
	io.lettuce.core.resource.DefaultClientResources.create(DefaultClientResources.java:233)
	org.springframework.boot.autoconfigure.data.redis.LettuceConnectionConfiguration.lettuceClientResources(LettuceConnectionConfiguration.java:67)
	org.springframework.boot.autoconfigure.data.redis.LettuceConnectionConfiguration$$EnhancerBySpringCGLIB$$129970b2.CGLIB$lettuceClientResources$1(<generated>)
	org.springframework.boot.autoconfigure.data.redis.LettuceConnectionConfiguration$$EnhancerBySpringCGLIB$$129970b2$$FastClassBySpringCGLIB$$b2a1d6be.invoke(<generated>)
	org.springframework.cglib.proxy.MethodProxy.invokeSuper(MethodProxy.java:244)
	org.springframework.context.annotation.ConfigurationClassEnhancer$BeanMethodInterceptor.intercept(ConfigurationClassEnhancer.java:363)
	org.springframework.boot.autoconfigure.data.redis.LettuceConnectionConfiguration$$EnhancerBySpringCGLIB$$129970b2.lettuceClientResources(<generated>)
	sun.reflect.NativeMethodAccessorImpl.invoke0(Native Method)
	sun.reflect.NativeMethodAccessorImpl.invoke(NativeMethodAccessorImpl.java:62)
	sun.reflect.DelegatingMethodAccessorImpl.invoke(DelegatingMethodAccessorImpl.java:43)
	java.lang.reflect.Method.invoke(Method.java:498)
	org.springframework.beans.factory.support.SimpleInstantiationStrategy.instantiate(SimpleInstantiationStrategy.java:154)
	org.springframework.beans.factory.support.ConstructorResolver.instantiate(ConstructorResolver.java:622)
	org.springframework.beans.factory.support.ConstructorResolver.instantiateUsingFactoryMethod(ConstructorResolver.java:607)
	org.springframework.beans.factory.support.AbstractAutowireCapableBeanFactory.instantiateUsingFactoryMethod(AbstractAutowireCapableBeanFactory.java:1321)
	org.springframework.beans.factory.support.AbstractAutowireCapableBeanFactory.createBeanInstance(AbstractAutowireCapableBeanFactory.java:1160)
	org.springframework.beans.factory.support.AbstractAutowireCapableBeanFactory.doCreateBean(AbstractAutowireCapableBeanFactory.java:555)
	org.springframework.beans.factory.support.AbstractAutowireCapableBeanFactory.createBean(AbstractAutowireCapableBeanFactory.java:515)
	org.springframework.beans.factory.support.AbstractBeanFactory.lambda$doGetBean$0(AbstractBeanFactory.java:320)
	org.springframework.beans.factory.support.DefaultSingletonBeanRegistry.getSingleton(DefaultSingletonBeanRegistry.java:222)
	org.springframework.beans.factory.support.AbstractBeanFactory.doGetBean(AbstractBeanFactory.java:318)
	org.springframework.beans.factory.support.AbstractBeanFactory.getBean(AbstractBeanFactory.java:199)
	org.springframework.beans.factory.config.DependencyDescriptor.resolveCandidate(DependencyDescriptor.java:277)
	org.springframework.beans.factory.support.DefaultListableBeanFactory.doResolveDependency(DefaultListableBeanFactory.java:1248)
	org.springframework.beans.factory.support.DefaultListableBeanFactory.resolveDependency(DefaultListableBeanFactory.java:1168)
	org.springframework.beans.factory.support.ConstructorResolver.resolveAutowiredArgument(ConstructorResolver.java:857)
	org.springframework.beans.factory.support.ConstructorResolver.resolvePreparedArguments(ConstructorResolver.java:804)
	org.springframework.beans.factory.support.ConstructorResolver.instantiateUsingFactoryMethod(ConstructorResolver.java:430)
	org.springframework.beans.factory.support.AbstractAutowireCapableBeanFactory.instantiateUsingFactoryMethod(AbstractAutowireCapableBeanFactory.java:1321)
	org.springframework.beans.factory.support.AbstractAutowireCapableBeanFactory.createBeanInstance(AbstractAutowireCapableBeanFactory.java:1160)
	org.springframework.beans.factory.support.AbstractAutowireCapableBeanFactory.doCreateBean(AbstractAutowireCapableBeanFactory.java:555)
	org.springframework.beans.factory.support.AbstractAutowireCapableBeanFactory.createBean(AbstractAutowireCapableBeanFactory.java:515)
	org.springframework.beans.factory.support.AbstractBeanFactory.lambda$doGetBean$0(AbstractBeanFactory.java:320)
	org.springframework.beans.factory.support.DefaultSingletonBeanRegistry.getSingleton(DefaultSingletonBeanRegistry.java:222)
	org.springframework.beans.factory.support.AbstractBeanFactory.doGetBean(AbstractBeanFactory.java:318)
	org.springframework.beans.factory.support.AbstractBeanFactory.getBean(AbstractBeanFactory.java:199)
	org.springframework.beans.factory.config.DependencyDescriptor.resolveCandidate(DependencyDescriptor.java:277)
	org.springframework.beans.factory.support.DefaultListableBeanFactory.doResolveDependency(DefaultListableBeanFactory.java:1248)
	org.springframework.beans.factory.support.DefaultListableBeanFactory.resolveDependency(DefaultListableBeanFactory.java:1168)
	org.springframework.beans.factory.support.ConstructorResolver.resolveAutowiredArgument(ConstructorResolver.java:857)
	org.springframework.beans.factory.support.ConstructorResolver.resolvePreparedArguments(ConstructorResolver.java:804)
	org.springframework.beans.factory.support.ConstructorResolver.instantiateUsingFactoryMethod(ConstructorResolver.java:430)
	org.springframework.beans.factory.support.AbstractAutowireCapableBeanFactory.instantiateUsingFactoryMethod(AbstractAutowireCapableBeanFactory.java:1321)
	org.springframework.beans.factory.support.AbstractAutowireCapableBeanFactory.createBeanInstance(AbstractAutowireCapableBeanFactory.java:1160)
	org.springframework.beans.factory.support.AbstractAutowireCapableBeanFactory.doCreateBean(AbstractAutowireCapableBeanFactory.java:555)
	org.springframework.beans.factory.support.AbstractAutowireCapableBeanFactory.createBean(AbstractAutowireCapableBeanFactory.java:515)
	org.springframework.beans.factory.support.AbstractBeanFactory.lambda$doGetBean$0(AbstractBeanFactory.java:320)
	org.springframework.beans.factory.support.DefaultSingletonBeanRegistry.getSingleton(DefaultSingletonBeanRegistry.java:222)
	org.springframework.beans.factory.support.AbstractBeanFactory.doGetBean(AbstractBeanFactory.java:318)
	org.springframework.beans.factory.support.AbstractBeanFactory.getBean(AbstractBeanFactory.java:204)
	org.springframework.beans.factory.annotation.AutowiredAnnotationBeanPostProcessor$ShortcutDependencyDescriptor.resolveShortcut(AutowiredAnnotationBeanPostProcessor.java:749)
	org.springframework.beans.factory.support.DefaultListableBeanFactory.doResolveDependency(DefaultListableBeanFactory.java:1180)
	org.springframework.beans.factory.support.DefaultListableBeanFactory.resolveDependency(DefaultListableBeanFactory.java:1168)
	org.springframework.beans.factory.annotation.AutowiredAnnotationBeanPostProcessor.resolvedCachedArgument(AutowiredAnnotationBeanPostProcessor.java:554)
	org.springframework.beans.factory.annotation.AutowiredAnnotationBeanPostProcessor.access$000(AutowiredAnnotationBeanPostProcessor.java:118)
	org.springframework.beans.factory.annotation.AutowiredAnnotationBeanPostProcessor$AutowiredFieldElement.inject(AutowiredAnnotationBeanPostProcessor.java:584)
	org.springframework.beans.factory.annotation.InjectionMetadata.inject(InjectionMetadata.java:90)
	org.springframework.beans.factory.annotation.AutowiredAnnotationBeanPostProcessor.postProcessProperties(AutowiredAnnotationBeanPostProcessor.java:374)
	org.springframework.beans.factory.support.AbstractAutowireCapableBeanFactory.populateBean(AbstractAutowireCapableBeanFactory.java:1411)
	org.springframework.beans.factory.support.AbstractAutowireCapableBeanFactory.doCreateBean(AbstractAutowireCapableBeanFactory.java:592)
	org.springframework.beans.factory.support.AbstractAutowireCapableBeanFactory.createBean(AbstractAutowireCapableBeanFactory.java:515)
	org.springframework.beans.factory.support.AbstractBeanFactory.lambda$doGetBean$0(AbstractBeanFactory.java:320)
	org.springframework.beans.factory.support.DefaultSingletonBeanRegistry.getSingleton(DefaultSingletonBeanRegistry.java:222)
	org.springframework.beans.factory.support.AbstractBeanFactory.doGetBean(AbstractBeanFactory.java:318)
	org.springframework.beans.factory.support.AbstractBeanFactory.getBean(AbstractBeanFactory.java:204)
	org.springframework.beans.factory.annotation.AutowiredAnnotationBeanPostProcessor$ShortcutDependencyDescriptor.resolveShortcut(AutowiredAnnotationBeanPostProcessor.java:749)
	org.springframework.beans.factory.support.DefaultListableBeanFactory.doResolveDependency(DefaultListableBeanFactory.java:1180)
	org.springframework.beans.factory.support.DefaultListableBeanFactory.resolveDependency(DefaultListableBeanFactory.java:1168)
	org.springframework.beans.factory.annotation.AutowiredAnnotationBeanPostProcessor.resolvedCachedArgument(AutowiredAnnotationBeanPostProcessor.java:554)
	org.springframework.beans.factory.annotation.AutowiredAnnotationBeanPostProcessor.access$000(AutowiredAnnotationBeanPostProcessor.java:118)
	org.springframework.beans.factory.annotation.AutowiredAnnotationBeanPostProcessor$AutowiredFieldElement.inject(AutowiredAnnotationBeanPostProcessor.java:584)
	org.springframework.beans.factory.annotation.InjectionMetadata.inject(InjectionMetadata.java:90)
	org.springframework.beans.factory.annotation.AutowiredAnnotationBeanPostProcessor.postProcessProperties(AutowiredAnnotationBeanPostProcessor.java:374)
	org.springframework.beans.factory.support.AbstractAutowireCapableBeanFactory.populateBean(AbstractAutowireCapableBeanFactory.java:1411)
	org.springframework.beans.factory.support.AbstractAutowireCapableBeanFactory.doCreateBean(AbstractAutowireCapableBeanFactory.java:592)
	org.springframework.beans.factory.support.AbstractAutowireCapableBeanFactory.createBean(AbstractAutowireCapableBeanFactory.java:515)
	org.springframework.beans.factory.support.AbstractBeanFactory.lambda$doGetBean$0(AbstractBeanFactory.java:320)
	org.springframework.beans.factory.support.DefaultSingletonBeanRegistry.getSingleton(DefaultSingletonBeanRegistry.java:222)
	org.springframework.beans.factory.support.AbstractBeanFactory.doGetBean(AbstractBeanFactory.java:318)
	org.springframework.beans.factory.support.AbstractBeanFactory.getBean(AbstractBeanFactory.java:199)
	org.springframework.web.method.HandlerMethod.createWithResolvedBean(HandlerMethod.java:323)
	org.springframework.web.servlet.handler.AbstractHandlerMethodMapping.getHandlerInternal(AbstractHandlerMethodMapping.java:366)
	org.springframework.web.servlet.handler.AbstractHandlerMethodMapping.getHandlerInternal(AbstractHandlerMethodMapping.java:65)
	org.springframework.web.servlet.handler.AbstractHandlerMapping.getHandler(AbstractHandlerMapping.java:401)
	org.springframework.web.servlet.DispatcherServlet.getHandler(DispatcherServlet.java:1232)
	org.springframework.web.servlet.DispatcherServlet.doDispatch(DispatcherServlet.java:1015)
	org.springframework.web.servlet.DispatcherServlet.doService(DispatcherServlet.java:942)
	org.springframework.web.servlet.FrameworkServlet.processRequest(FrameworkServlet.java:1005)
	org.springframework.web.servlet.FrameworkServlet.doGet(FrameworkServlet.java:897)
	javax.servlet.http.HttpServlet.service(HttpServlet.java:634)
	org.springframework.web.servlet.FrameworkServlet.service(FrameworkServlet.java:882)
	javax.servlet.http.HttpServlet.service(HttpServlet.java:741)
	org.apache.catalina.core.ApplicationFilterChain.internalDoFilter(ApplicationFilterChain.java:231)
	org.apache.catalina.core.ApplicationFilterChain.doFilter(ApplicationFilterChain.java:166)
	org.apache.tomcat.websocket.server.WsFilter.doFilter(WsFilter.java:53)
	org.apache.catalina.core.ApplicationFilterChain.internalDoFilter(ApplicationFilterChain.java:193)
	org.apache.catalina.core.ApplicationFilterChain.doFilter(ApplicationFilterChain.java:166)
	org.springframework.web.filter.RequestContextFilter.doFilterInternal(RequestContextFilter.java:99)
	org.springframework.web.filter.OncePerRequestFilter.doFilter(OncePerRequestFilter.java:107)
	org.apache.catalina.core.ApplicationFilterChain.internalDoFilter(ApplicationFilterChain.java:193)
	org.apache.catalina.core.ApplicationFilterChain.doFilter(ApplicationFilterChain.java:166)
	org.springframework.web.filter.FormContentFilter.doFilterInternal(FormContentFilter.java:92)
	org.springframework.web.filter.OncePerRequestFilter.doFilter(OncePerRequestFilter.java:107)
	org.apache.catalina.core.ApplicationFilterChain.internalDoFilter(ApplicationFilterChain.java:193)
	org.apache.catalina.core.ApplicationFilterChain.doFilter(ApplicationFilterChain.java:166)
	org.springframework.web.filter.HiddenHttpMethodFilter.doFilterInternal(HiddenHttpMethodFilter.java:93)
	org.springframework.web.filter.OncePerRequestFilter.doFilter(OncePerRequestFilter.java:107)
	org.apache.catalina.core.ApplicationFilterChain.internalDoFilter(ApplicationFilterChain.java:193)
	org.apache.catalina.core.ApplicationFilterChain.doFilter(ApplicationFilterChain.java:166)
	org.springframework.web.filter.CharacterEncodingFilter.doFilterInternal(CharacterEncodingFilter.java:200)
	org.springframework.web.filter.OncePerRequestFilter.doFilter(OncePerRequestFilter.java:107)
	org.apache.catalina.core.ApplicationFilterChain.internalDoFilter(ApplicationFilterChain.java:193)
	org.apache.catalina.core.ApplicationFilterChain.doFilter(ApplicationFilterChain.java:166)
	org.apache.catalina.core.StandardWrapperValve.invoke(StandardWrapperValve.java:200)
	org.apache.catalina.core.StandardContextValve.invoke(StandardContextValve.java:96)
	org.apache.catalina.authenticator.AuthenticatorBase.invoke(AuthenticatorBase.java:490)
	org.apache.catalina.core.StandardHostValve.invoke(StandardHostValve.java:139)
	org.apache.catalina.valves.ErrorReportValve.invoke(ErrorReportValve.java:92)
	org.apache.catalina.core.StandardEngineValve.invoke(StandardEngineValve.java:74)
	org.apache.catalina.connector.CoyoteAdapter.service(CoyoteAdapter.java:343)
	org.apache.coyote.http11.Http11Processor.service(Http11Processor.java:408)
	org.apache.coyote.AbstractProcessorLight.process(AbstractProcessorLight.java:66)
	org.apache.coyote.AbstractProtocol$ConnectionHandler.process(AbstractProtocol.java:836)
	org.apache.tomcat.util.net.NioEndpoint$SocketProcessor.doRun(NioEndpoint.java:1747)
	org.apache.tomcat.util.net.SocketProcessorBase.run(SocketProcessorBase.java:49)
	java.util.concurrent.ThreadPoolExecutor.runWorker(ThreadPoolExecutor.java:1142)
	java.util.concurrent.ThreadPoolExecutor$Worker.run(ThreadPoolExecutor.java:617)
	org.apache.tomcat.util.threads.TaskThread$WrappingRunnable.run(TaskThread.java:61)
	java.lang.Thread.run(Thread.java:748)
2020-05-10 21:07:52,282 ERROR [http-nio-8080-exec-2] o.t.TemplateEngine [TemplateEngine.java:1136] [THYMELEAF][http-nio-8080-exec-2] Exception processing template "fore/followee": Error resolving template [fore/followee], template might not exist or might not be accessible by any of the configured Template Resolvers
org.thymeleaf.exceptions.TemplateInputException: Error resolving template [fore/followee], template might not exist or might not be accessible by any of the configured Template Resolvers
	at org.thymeleaf.engine.TemplateManager.resolveTemplate(TemplateManager.java:869)
	at org.thymeleaf.engine.TemplateManager.parseAndProcess(TemplateManager.java:607)
	at org.thymeleaf.TemplateEngine.process(TemplateEngine.java:1098)
	at org.thymeleaf.TemplateEngine.process(TemplateEngine.java:1072)
	at org.thymeleaf.spring5.view.ThymeleafView.renderFragment(ThymeleafView.java:362)
	at org.thymeleaf.spring5.view.ThymeleafView.render(ThymeleafView.java:189)
	at org.springframework.web.servlet.DispatcherServlet.render(DispatcherServlet.java:1371)
	at org.springframework.web.servlet.DispatcherServlet.processDispatchResult(DispatcherServlet.java:1117)
	at org.springframework.web.servlet.DispatcherServlet.doDispatch(DispatcherServlet.java:1056)
	at org.springframework.web.servlet.DispatcherServlet.doService(DispatcherServlet.java:942)
	at org.springframework.web.servlet.FrameworkServlet.processRequest(FrameworkServlet.java:1005)
	at org.springframework.web.servlet.FrameworkServlet.doGet(FrameworkServlet.java:897)
	at javax.servlet.http.HttpServlet.service(HttpServlet.java:634)
	at org.springframework.web.servlet.FrameworkServlet.service(FrameworkServlet.java:882)
	at javax.servlet.http.HttpServlet.service(HttpServlet.java:741)
	at org.apache.catalina.core.ApplicationFilterChain.internalDoFilter(ApplicationFilterChain.java:231)
	at org.apache.catalina.core.ApplicationFilterChain.doFilter(ApplicationFilterChain.java:166)
	at org.apache.tomcat.websocket.server.WsFilter.doFilter(WsFilter.java:53)
	at org.apache.catalina.core.ApplicationFilterChain.internalDoFilter(ApplicationFilterChain.java:193)
	at org.apache.catalina.core.ApplicationFilterChain.doFilter(ApplicationFilterChain.java:166)
	at org.springframework.web.filter.RequestContextFilter.doFilterInternal(RequestContextFilter.java:99)
	at org.springframework.web.filter.OncePerRequestFilter.doFilter(OncePerRequestFilter.java:107)
	at org.apache.catalina.core.ApplicationFilterChain.internalDoFilter(ApplicationFilterChain.java:193)
	at org.apache.catalina.core.ApplicationFilterChain.doFilter(ApplicationFilterChain.java:166)
	at org.springframework.web.filter.FormContentFilter.doFilterInternal(FormContentFilter.java:92)
	at org.springframework.web.filter.OncePerRequestFilter.doFilter(OncePerRequestFilter.java:107)
	at org.apache.catalina.core.ApplicationFilterChain.internalDoFilter(ApplicationFilterChain.java:193)
	at org.apache.catalina.core.ApplicationFilterChain.doFilter(ApplicationFilterChain.java:166)
	at org.springframework.web.filter.HiddenHttpMethodFilter.doFilterInternal(HiddenHttpMethodFilter.java:93)
	at org.springframework.web.filter.OncePerRequestFilter.doFilter(OncePerRequestFilter.java:107)
	at org.apache.catalina.core.ApplicationFilterChain.internalDoFilter(ApplicationFilterChain.java:193)
	at org.apache.catalina.core.ApplicationFilterChain.doFilter(ApplicationFilterChain.java:166)
	at org.springframework.web.filter.CharacterEncodingFilter.doFilterInternal(CharacterEncodingFilter.java:200)
	at org.springframework.web.filter.OncePerRequestFilter.doFilter(OncePerRequestFilter.java:107)
	at org.apache.catalina.core.ApplicationFilterChain.internalDoFilter(ApplicationFilterChain.java:193)
	at org.apache.catalina.core.ApplicationFilterChain.doFilter(ApplicationFilterChain.java:166)
	at org.apache.catalina.core.StandardWrapperValve.invoke(StandardWrapperValve.java:200)
	at org.apache.catalina.core.StandardContextValve.invoke(StandardContextValve.java:96)
	at org.apache.catalina.authenticator.AuthenticatorBase.invoke(AuthenticatorBase.java:490)
	at org.apache.catalina.core.StandardHostValve.invoke(StandardHostValve.java:139)
	at org.apache.catalina.valves.ErrorReportValve.invoke(ErrorReportValve.java:92)
	at org.apache.catalina.core.StandardEngineValve.invoke(StandardEngineValve.java:74)
	at org.apache.catalina.connector.CoyoteAdapter.service(CoyoteAdapter.java:343)
	at org.apache.coyote.http11.Http11Processor.service(Http11Processor.java:408)
	at org.apache.coyote.AbstractProcessorLight.process(AbstractProcessorLight.java:66)
	at org.apache.coyote.AbstractProtocol$ConnectionHandler.process(AbstractProtocol.java:836)
	at org.apache.tomcat.util.net.NioEndpoint$SocketProcessor.doRun(NioEndpoint.java:1747)
	at org.apache.tomcat.util.net.SocketProcessorBase.run(SocketProcessorBase.java:49)
	at java.util.concurrent.ThreadPoolExecutor.runWorker(ThreadPoolExecutor.java:1142)
	at java.util.concurrent.ThreadPoolExecutor$Worker.run(ThreadPoolExecutor.java:617)
	at org.apache.tomcat.util.threads.TaskThread$WrappingRunnable.run(TaskThread.java:61)
	at java.lang.Thread.run(Thread.java:748)
2020-05-10 21:07:52,283 ERROR [http-nio-8080-exec-2] o.a.c.c.C.[.[.[.[dispatcherServlet] [DirectJDKLog.java:175] Servlet.service() for servlet [dispatcherServlet] in context with path [/toolmantalk] threw exception [Request processing failed; nested exception is org.thymeleaf.exceptions.TemplateInputException: Error resolving template [fore/followee], template might not exist or might not be accessible by any of the configured Template Resolvers] with root cause
org.thymeleaf.exceptions.TemplateInputException: Error resolving template [fore/followee], template might not exist or might not be accessible by any of the configured Template Resolvers
	at org.thymeleaf.engine.TemplateManager.resolveTemplate(TemplateManager.java:869)
	at org.thymeleaf.engine.TemplateManager.parseAndProcess(TemplateManager.java:607)
	at org.thymeleaf.TemplateEngine.process(TemplateEngine.java:1098)
	at org.thymeleaf.TemplateEngine.process(TemplateEngine.java:1072)
	at org.thymeleaf.spring5.view.ThymeleafView.renderFragment(ThymeleafView.java:362)
	at org.thymeleaf.spring5.view.ThymeleafView.render(ThymeleafView.java:189)
	at org.springframework.web.servlet.DispatcherServlet.render(DispatcherServlet.java:1371)
	at org.springframework.web.servlet.DispatcherServlet.processDispatchResult(DispatcherServlet.java:1117)
	at org.springframework.web.servlet.DispatcherServlet.doDispatch(DispatcherServlet.java:1056)
	at org.springframework.web.servlet.DispatcherServlet.doService(DispatcherServlet.java:942)
	at org.springframework.web.servlet.FrameworkServlet.processRequest(FrameworkServlet.java:1005)
	at org.springframework.web.servlet.FrameworkServlet.doGet(FrameworkServlet.java:897)
	at javax.servlet.http.HttpServlet.service(HttpServlet.java:634)
	at org.springframework.web.servlet.FrameworkServlet.service(FrameworkServlet.java:882)
	at javax.servlet.http.HttpServlet.service(HttpServlet.java:741)
	at org.apache.catalina.core.ApplicationFilterChain.internalDoFilter(ApplicationFilterChain.java:231)
	at org.apache.catalina.core.ApplicationFilterChain.doFilter(ApplicationFilterChain.java:166)
	at org.apache.tomcat.websocket.server.WsFilter.doFilter(WsFilter.java:53)
	at org.apache.catalina.core.ApplicationFilterChain.internalDoFilter(ApplicationFilterChain.java:193)
	at org.apache.catalina.core.ApplicationFilterChain.doFilter(ApplicationFilterChain.java:166)
	at org.springframework.web.filter.RequestContextFilter.doFilterInternal(RequestContextFilter.java:99)
	at org.springframework.web.filter.OncePerRequestFilter.doFilter(OncePerRequestFilter.java:107)
	at org.apache.catalina.core.ApplicationFilterChain.internalDoFilter(ApplicationFilterChain.java:193)
	at org.apache.catalina.core.ApplicationFilterChain.doFilter(ApplicationFilterChain.java:166)
	at org.springframework.web.filter.FormContentFilter.doFilterInternal(FormContentFilter.java:92)
	at org.springframework.web.filter.OncePerRequestFilter.doFilter(OncePerRequestFilter.java:107)
	at org.apache.catalina.core.ApplicationFilterChain.internalDoFilter(ApplicationFilterChain.java:193)
	at org.apache.catalina.core.ApplicationFilterChain.doFilter(ApplicationFilterChain.java:166)
	at org.springframework.web.filter.HiddenHttpMethodFilter.doFilterInternal(HiddenHttpMethodFilter.java:93)
	at org.springframework.web.filter.OncePerRequestFilter.doFilter(OncePerRequestFilter.java:107)
	at org.apache.catalina.core.ApplicationFilterChain.internalDoFilter(ApplicationFilterChain.java:193)
	at org.apache.catalina.core.ApplicationFilterChain.doFilter(ApplicationFilterChain.java:166)
	at org.springframework.web.filter.CharacterEncodingFilter.doFilterInternal(CharacterEncodingFilter.java:200)
	at org.springframework.web.filter.OncePerRequestFilter.doFilter(OncePerRequestFilter.java:107)
	at org.apache.catalina.core.ApplicationFilterChain.internalDoFilter(ApplicationFilterChain.java:193)
	at org.apache.catalina.core.ApplicationFilterChain.doFilter(ApplicationFilterChain.java:166)
	at org.apache.catalina.core.StandardWrapperValve.invoke(StandardWrapperValve.java:200)
	at org.apache.catalina.core.StandardContextValve.invoke(StandardContextValve.java:96)
	at org.apache.catalina.authenticator.AuthenticatorBase.invoke(AuthenticatorBase.java:490)
	at org.apache.catalina.core.StandardHostValve.invoke(StandardHostValve.java:139)
	at org.apache.catalina.valves.ErrorReportValve.invoke(ErrorReportValve.java:92)
	at org.apache.catalina.core.StandardEngineValve.invoke(StandardEngineValve.java:74)
	at org.apache.catalina.connector.CoyoteAdapter.service(CoyoteAdapter.java:343)
	at org.apache.coyote.http11.Http11Processor.service(Http11Processor.java:408)
	at org.apache.coyote.AbstractProcessorLight.process(AbstractProcessorLight.java:66)
	at org.apache.coyote.AbstractProtocol$ConnectionHandler.process(AbstractProtocol.java:836)
	at org.apache.tomcat.util.net.NioEndpoint$SocketProcessor.doRun(NioEndpoint.java:1747)
	at org.apache.tomcat.util.net.SocketProcessorBase.run(SocketProcessorBase.java:49)
	at java.util.concurrent.ThreadPoolExecutor.runWorker(ThreadPoolExecutor.java:1142)
	at java.util.concurrent.ThreadPoolExecutor$Worker.run(ThreadPoolExecutor.java:617)
	at org.apache.tomcat.util.threads.TaskThread$WrappingRunnable.run(TaskThread.java:61)
	at java.lang.Thread.run(Thread.java:748)
2020-05-10 21:08:03,425 ERROR [http-nio-8080-exec-2] o.t.TemplateEngine [TemplateEngine.java:1136] [THYMELEAF][http-nio-8080-exec-2] Exception processing template "fore/followee": Error resolving template [fore/followee], template might not exist or might not be accessible by any of the configured Template Resolvers
org.thymeleaf.exceptions.TemplateInputException: Error resolving template [fore/followee], template might not exist or might not be accessible by any of the configured Template Resolvers
	at org.thymeleaf.engine.TemplateManager.resolveTemplate(TemplateManager.java:869)
	at org.thymeleaf.engine.TemplateManager.parseAndProcess(TemplateManager.java:607)
	at org.thymeleaf.TemplateEngine.process(TemplateEngine.java:1098)
	at org.thymeleaf.TemplateEngine.process(TemplateEngine.java:1072)
	at org.thymeleaf.spring5.view.ThymeleafView.renderFragment(ThymeleafView.java:362)
	at org.thymeleaf.spring5.view.ThymeleafView.render(ThymeleafView.java:189)
	at org.springframework.web.servlet.DispatcherServlet.render(DispatcherServlet.java:1371)
	at org.springframework.web.servlet.DispatcherServlet.processDispatchResult(DispatcherServlet.java:1117)
	at org.springframework.web.servlet.DispatcherServlet.doDispatch(DispatcherServlet.java:1056)
	at org.springframework.web.servlet.DispatcherServlet.doService(DispatcherServlet.java:942)
	at org.springframework.web.servlet.FrameworkServlet.processRequest(FrameworkServlet.java:1005)
	at org.springframework.web.servlet.FrameworkServlet.doGet(FrameworkServlet.java:897)
	at javax.servlet.http.HttpServlet.service(HttpServlet.java:634)
	at org.springframework.web.servlet.FrameworkServlet.service(FrameworkServlet.java:882)
	at javax.servlet.http.HttpServlet.service(HttpServlet.java:741)
	at org.apache.catalina.core.ApplicationFilterChain.internalDoFilter(ApplicationFilterChain.java:231)
	at org.apache.catalina.core.ApplicationFilterChain.doFilter(ApplicationFilterChain.java:166)
	at org.apache.tomcat.websocket.server.WsFilter.doFilter(WsFilter.java:53)
	at org.apache.catalina.core.ApplicationFilterChain.internalDoFilter(ApplicationFilterChain.java:193)
	at org.apache.catalina.core.ApplicationFilterChain.doFilter(ApplicationFilterChain.java:166)
	at org.springframework.web.filter.RequestContextFilter.doFilterInternal(RequestContextFilter.java:99)
	at org.springframework.web.filter.OncePerRequestFilter.doFilter(OncePerRequestFilter.java:107)
	at org.apache.catalina.core.ApplicationFilterChain.internalDoFilter(ApplicationFilterChain.java:193)
	at org.apache.catalina.core.ApplicationFilterChain.doFilter(ApplicationFilterChain.java:166)
	at org.springframework.web.filter.FormContentFilter.doFilterInternal(FormContentFilter.java:92)
	at org.springframework.web.filter.OncePerRequestFilter.doFilter(OncePerRequestFilter.java:107)
	at org.apache.catalina.core.ApplicationFilterChain.internalDoFilter(ApplicationFilterChain.java:193)
	at org.apache.catalina.core.ApplicationFilterChain.doFilter(ApplicationFilterChain.java:166)
	at org.springframework.web.filter.HiddenHttpMethodFilter.doFilterInternal(HiddenHttpMethodFilter.java:93)
	at org.springframework.web.filter.OncePerRequestFilter.doFilter(OncePerRequestFilter.java:107)
	at org.apache.catalina.core.ApplicationFilterChain.internalDoFilter(ApplicationFilterChain.java:193)
	at org.apache.catalina.core.ApplicationFilterChain.doFilter(ApplicationFilterChain.java:166)
	at org.springframework.web.filter.CharacterEncodingFilter.doFilterInternal(CharacterEncodingFilter.java:200)
	at org.springframework.web.filter.OncePerRequestFilter.doFilter(OncePerRequestFilter.java:107)
	at org.apache.catalina.core.ApplicationFilterChain.internalDoFilter(ApplicationFilterChain.java:193)
	at org.apache.catalina.core.ApplicationFilterChain.doFilter(ApplicationFilterChain.java:166)
	at org.apache.catalina.core.StandardWrapperValve.invoke(StandardWrapperValve.java:200)
	at org.apache.catalina.core.StandardContextValve.invoke(StandardContextValve.java:96)
	at org.apache.catalina.authenticator.AuthenticatorBase.invoke(AuthenticatorBase.java:490)
	at org.apache.catalina.core.StandardHostValve.invoke(StandardHostValve.java:139)
	at org.apache.catalina.valves.ErrorReportValve.invoke(ErrorReportValve.java:92)
	at org.apache.catalina.core.StandardEngineValve.invoke(StandardEngineValve.java:74)
	at org.apache.catalina.connector.CoyoteAdapter.service(CoyoteAdapter.java:343)
	at org.apache.coyote.http11.Http11Processor.service(Http11Processor.java:408)
	at org.apache.coyote.AbstractProcessorLight.process(AbstractProcessorLight.java:66)
	at org.apache.coyote.AbstractProtocol$ConnectionHandler.process(AbstractProtocol.java:836)
	at org.apache.tomcat.util.net.NioEndpoint$SocketProcessor.doRun(NioEndpoint.java:1747)
	at org.apache.tomcat.util.net.SocketProcessorBase.run(SocketProcessorBase.java:49)
	at java.util.concurrent.ThreadPoolExecutor.runWorker(ThreadPoolExecutor.java:1142)
	at java.util.concurrent.ThreadPoolExecutor$Worker.run(ThreadPoolExecutor.java:617)
	at org.apache.tomcat.util.threads.TaskThread$WrappingRunnable.run(TaskThread.java:61)
	at java.lang.Thread.run(Thread.java:748)
2020-05-10 21:08:03,427 ERROR [http-nio-8080-exec-2] o.a.c.c.C.[.[.[.[dispatcherServlet] [DirectJDKLog.java:175] Servlet.service() for servlet [dispatcherServlet] in context with path [/toolmantalk] threw exception [Request processing failed; nested exception is org.thymeleaf.exceptions.TemplateInputException: Error resolving template [fore/followee], template might not exist or might not be accessible by any of the configured Template Resolvers] with root cause
org.thymeleaf.exceptions.TemplateInputException: Error resolving template [fore/followee], template might not exist or might not be accessible by any of the configured Template Resolvers
	at org.thymeleaf.engine.TemplateManager.resolveTemplate(TemplateManager.java:869)
	at org.thymeleaf.engine.TemplateManager.parseAndProcess(TemplateManager.java:607)
	at org.thymeleaf.TemplateEngine.process(TemplateEngine.java:1098)
	at org.thymeleaf.TemplateEngine.process(TemplateEngine.java:1072)
	at org.thymeleaf.spring5.view.ThymeleafView.renderFragment(ThymeleafView.java:362)
	at org.thymeleaf.spring5.view.ThymeleafView.render(ThymeleafView.java:189)
	at org.springframework.web.servlet.DispatcherServlet.render(DispatcherServlet.java:1371)
	at org.springframework.web.servlet.DispatcherServlet.processDispatchResult(DispatcherServlet.java:1117)
	at org.springframework.web.servlet.DispatcherServlet.doDispatch(DispatcherServlet.java:1056)
	at org.springframework.web.servlet.DispatcherServlet.doService(DispatcherServlet.java:942)
	at org.springframework.web.servlet.FrameworkServlet.processRequest(FrameworkServlet.java:1005)
	at org.springframework.web.servlet.FrameworkServlet.doGet(FrameworkServlet.java:897)
	at javax.servlet.http.HttpServlet.service(HttpServlet.java:634)
	at org.springframework.web.servlet.FrameworkServlet.service(FrameworkServlet.java:882)
	at javax.servlet.http.HttpServlet.service(HttpServlet.java:741)
	at org.apache.catalina.core.ApplicationFilterChain.internalDoFilter(ApplicationFilterChain.java:231)
	at org.apache.catalina.core.ApplicationFilterChain.doFilter(ApplicationFilterChain.java:166)
	at org.apache.tomcat.websocket.server.WsFilter.doFilter(WsFilter.java:53)
	at org.apache.catalina.core.ApplicationFilterChain.internalDoFilter(ApplicationFilterChain.java:193)
	at org.apache.catalina.core.ApplicationFilterChain.doFilter(ApplicationFilterChain.java:166)
	at org.springframework.web.filter.RequestContextFilter.doFilterInternal(RequestContextFilter.java:99)
	at org.springframework.web.filter.OncePerRequestFilter.doFilter(OncePerRequestFilter.java:107)
	at org.apache.catalina.core.ApplicationFilterChain.internalDoFilter(ApplicationFilterChain.java:193)
	at org.apache.catalina.core.ApplicationFilterChain.doFilter(ApplicationFilterChain.java:166)
	at org.springframework.web.filter.FormContentFilter.doFilterInternal(FormContentFilter.java:92)
	at org.springframework.web.filter.OncePerRequestFilter.doFilter(OncePerRequestFilter.java:107)
	at org.apache.catalina.core.ApplicationFilterChain.internalDoFilter(ApplicationFilterChain.java:193)
	at org.apache.catalina.core.ApplicationFilterChain.doFilter(ApplicationFilterChain.java:166)
	at org.springframework.web.filter.HiddenHttpMethodFilter.doFilterInternal(HiddenHttpMethodFilter.java:93)
	at org.springframework.web.filter.OncePerRequestFilter.doFilter(OncePerRequestFilter.java:107)
	at org.apache.catalina.core.ApplicationFilterChain.internalDoFilter(ApplicationFilterChain.java:193)
	at org.apache.catalina.core.ApplicationFilterChain.doFilter(ApplicationFilterChain.java:166)
	at org.springframework.web.filter.CharacterEncodingFilter.doFilterInternal(CharacterEncodingFilter.java:200)
	at org.springframework.web.filter.OncePerRequestFilter.doFilter(OncePerRequestFilter.java:107)
	at org.apache.catalina.core.ApplicationFilterChain.internalDoFilter(ApplicationFilterChain.java:193)
	at org.apache.catalina.core.ApplicationFilterChain.doFilter(ApplicationFilterChain.java:166)
	at org.apache.catalina.core.StandardWrapperValve.invoke(StandardWrapperValve.java:200)
	at org.apache.catalina.core.StandardContextValve.invoke(StandardContextValve.java:96)
	at org.apache.catalina.authenticator.AuthenticatorBase.invoke(AuthenticatorBase.java:490)
	at org.apache.catalina.core.StandardHostValve.invoke(StandardHostValve.java:139)
	at org.apache.catalina.valves.ErrorReportValve.invoke(ErrorReportValve.java:92)
	at org.apache.catalina.core.StandardEngineValve.invoke(StandardEngineValve.java:74)
	at org.apache.catalina.connector.CoyoteAdapter.service(CoyoteAdapter.java:343)
	at org.apache.coyote.http11.Http11Processor.service(Http11Processor.java:408)
	at org.apache.coyote.AbstractProcessorLight.process(AbstractProcessorLight.java:66)
	at org.apache.coyote.AbstractProtocol$ConnectionHandler.process(AbstractProtocol.java:836)
	at org.apache.tomcat.util.net.NioEndpoint$SocketProcessor.doRun(NioEndpoint.java:1747)
	at org.apache.tomcat.util.net.SocketProcessorBase.run(SocketProcessorBase.java:49)
	at java.util.concurrent.ThreadPoolExecutor.runWorker(ThreadPoolExecutor.java:1142)
	at java.util.concurrent.ThreadPoolExecutor$Worker.run(ThreadPoolExecutor.java:617)
	at org.apache.tomcat.util.threads.TaskThread$WrappingRunnable.run(TaskThread.java:61)
	at java.lang.Thread.run(Thread.java:748)
