2020-05-11 11:04:42,737 WARN [http-nio-8080-exec-6] o.s.w.s.PageNotFound [DispatcherServlet.java:1249] No mapping for GET /toolmantalk/user/follower.html
2020-05-11 11:04:57,074 WARN [http-nio-8080-exec-4] o.s.w.s.PageNotFound [DispatcherServlet.java:1249] No mapping for GET /toolmantalk/followee
2020-05-11 11:05:00,608 WARN [http-nio-8080-exec-10] o.s.w.s.PageNotFound [DispatcherServlet.java:1249] No mapping for GET /toolmantalk/followees
2020-05-11 11:20:29,204 WARN [http-nio-8080-exec-2] o.s.w.s.PageNotFound [DispatcherServlet.java:1249] No mapping for GET /toolmantalk/user/followee.html
2020-05-11 11:51:04,969 WARN [http-nio-8080-exec-5] o.s.w.s.PageNotFound [DispatcherServlet.java:1249] No mapping for GET /toolmantalk/user/profile.html
2020-05-11 11:53:45,561 WARN [http-nio-8080-exec-1] o.s.w.s.PageNotFound [DispatcherServlet.java:1249] No mapping for GET /toolmantalk/user/followee.html
2020-05-11 11:54:03,643 WARN [http-nio-8080-exec-8] o.s.w.s.PageNotFound [DispatcherServlet.java:1249] No mapping for GET /toolmantalk/user/followee.html
2020-05-11 12:38:31,595 WARN [http-nio-8080-exec-2] o.s.w.s.PageNotFound [DispatcherServlet.java:1249] No mapping for GET /toolmantalk/user/followee.html
2020-05-11 12:55:24,067 WARN [http-nio-8080-exec-6] o.s.w.s.PageNotFound [DispatcherServlet.java:1249] No mapping for GET /toolmantalk/followers/183
2020-05-11 12:55:30,787 WARN [http-nio-8080-exec-3] o.s.w.s.PageNotFound [DispatcherServlet.java:1249] No mapping for GET /toolmantalk/followers/183
2020-05-11 12:55:55,511 WARN [http-nio-8080-exec-2] o.s.w.s.PageNotFound [DispatcherServlet.java:1249] No mapping for GET /toolmantalk/user/followee.html
2020-05-11 13:01:00,789 WARN [http-nio-8080-exec-6] o.s.w.s.PageNotFound [DispatcherServlet.java:1249] No mapping for GET /toolmantalk/css/global.css
2020-05-11 13:01:00,793 WARN [http-nio-8080-exec-3] o.s.w.s.PageNotFound [DispatcherServlet.java:1249] No mapping for GET /toolmantalk/js/global.js
2020-05-11 13:01:00,799 WARN [http-nio-8080-exec-4] o.s.w.s.PageNotFound [DispatcherServlet.java:1249] No mapping for GET /toolmantalk/js/profile.js
2020-05-11 13:01:05,053 WARN [http-nio-8080-exec-5] o.s.w.s.PageNotFound [DispatcherServlet.java:1249] No mapping for GET /toolmantalk/js/global.js
2020-05-11 13:01:05,065 WARN [http-nio-8080-exec-2] o.s.w.s.PageNotFound [DispatcherServlet.java:1249] No mapping for GET /toolmantalk/js/profile.js
2020-05-11 13:03:53,837 WARN [http-nio-8080-exec-4] o.s.w.s.PageNotFound [DispatcherServlet.java:1249] No mapping for GET /toolmantalk/user/follower.html
2020-05-11 13:20:07,953 WARN [http-nio-8080-exec-6] o.s.w.s.PageNotFound [DispatcherServlet.java:1249] No mapping for GET /toolmantalk/user/followee.html
2020-05-11 13:21:44,019 WARN [http-nio-8080-exec-7] o.s.w.s.PageNotFound [DispatcherServlet.java:1249] No mapping for GET /toolmantalk/user/followee.html
2020-05-11 13:21:51,775 WARN [http-nio-8080-exec-6] o.s.w.s.PageNotFound [DispatcherServlet.java:1249] No mapping for GET /toolmantalk/user/followee.html
2020-05-11 13:23:02,369 WARN [http-nio-8080-exec-6] o.s.w.s.PageNotFound [DispatcherServlet.java:1249] No mapping for GET /toolmantalk/user/follower.html
2020-05-11 13:43:25,565 WARN [http-nio-8080-exec-6] o.s.w.s.PageNotFound [DispatcherServlet.java:1249] No mapping for GET /toolmantalk/user/follower/214512352353
2020-05-11 13:43:55,047 WARN [http-nio-8080-exec-7] o.s.w.s.m.m.a.ExceptionHandlerExceptionResolver [AbstractHandlerExceptionResolver.java:198] Resolved [org.springframework.web.method.annotation.MethodArgumentTypeMismatchException: Failed to convert value of type 'java.lang.String' to required type 'int'; nested exception is java.lang.NumberFormatException: For input string: "13254326456"]
2020-05-11 13:45:59,455 WARN [http-nio-8080-exec-7] o.s.w.s.m.m.a.ExceptionHandlerExceptionResolver [AbstractHandlerExceptionResolver.java:198] Resolved [java.lang.RuntimeException: 该用户不存在]
2020-05-11 13:47:15,634 WARN [http-nio-8080-exec-4] o.s.w.s.PageNotFound [DispatcherServlet.java:1249] No mapping for GET /toolmantalk/error/404
2020-05-11 13:47:36,468 WARN [http-nio-8080-exec-7] o.s.w.s.PageNotFound [DispatcherServlet.java:1249] No mapping for GET /toolmantalk/user/follower/214512352353
2020-05-11 13:47:57,159 WARN [http-nio-8080-exec-9] o.s.w.s.m.m.a.ExceptionHandlerExceptionResolver [AbstractHandlerExceptionResolver.java:198] Resolved [java.lang.RuntimeException: 该用户不存在]
2020-05-11 13:47:57,171 WARN [http-nio-8080-exec-5] o.s.w.s.PageNotFound [DispatcherServlet.java:1249] No mapping for GET /toolmantalk/error/404
2020-05-11 13:48:42,394 WARN [http-nio-8080-exec-5] o.s.w.s.PageNotFound [DispatcherServlet.java:1249] No mapping for GET /toolmantalk/error/404
2020-05-11 13:48:43,499 WARN [http-nio-8080-exec-4] o.s.w.s.m.m.a.ExceptionHandlerExceptionResolver [AbstractHandlerExceptionResolver.java:198] Resolved [java.lang.RuntimeException: 该用户不存在]
2020-05-11 13:48:43,502 WARN [http-nio-8080-exec-9] o.s.w.s.PageNotFound [DispatcherServlet.java:1249] No mapping for GET /toolmantalk/error/404
2020-05-11 13:48:45,022 WARN [http-nio-8080-exec-2] o.s.w.s.PageNotFound [DispatcherServlet.java:1249] No mapping for GET /toolmantalk/error/404
2020-05-11 13:48:45,887 WARN [http-nio-8080-exec-6] o.s.w.s.PageNotFound [DispatcherServlet.java:1249] No mapping for GET /toolmantalk/error/404
2020-05-11 13:48:47,096 WARN [http-nio-8080-exec-5] o.s.w.s.PageNotFound [DispatcherServlet.java:1249] No mapping for GET /toolmantalk/error/404
2020-05-11 13:48:58,051 WARN [http-nio-8080-exec-4] o.s.w.s.PageNotFound [DispatcherServlet.java:1249] No mapping for GET /toolmantalk/error/404
2020-05-11 13:49:06,248 WARN [http-nio-8080-exec-9] o.s.w.s.m.m.a.ExceptionHandlerExceptionResolver [AbstractHandlerExceptionResolver.java:198] Resolved [java.lang.RuntimeException: 该用户不存在]
2020-05-11 13:49:06,256 WARN [http-nio-8080-exec-6] o.s.w.s.PageNotFound [DispatcherServlet.java:1249] No mapping for GET /toolmantalk/error/404
2020-05-11 13:49:46,820 WARN [http-nio-8080-exec-4] o.s.w.s.PageNotFound [DispatcherServlet.java:1249] No mapping for GET /toolmantalk/error/404
2020-05-11 13:49:47,335 WARN [http-nio-8080-exec-4] o.s.w.s.PageNotFound [DispatcherServlet.java:1249] No mapping for GET /toolmantalk/error/404
2020-05-11 13:49:47,800 WARN [http-nio-8080-exec-10] o.s.w.s.m.m.a.ExceptionHandlerExceptionResolver [AbstractHandlerExceptionResolver.java:198] Resolved [java.lang.RuntimeException: 该用户不存在]
2020-05-11 13:49:47,802 WARN [http-nio-8080-exec-8] o.s.w.s.PageNotFound [DispatcherServlet.java:1249] No mapping for GET /toolmantalk/error/404
2020-05-11 13:49:48,151 WARN [http-nio-8080-exec-9] o.s.w.s.PageNotFound [DispatcherServlet.java:1249] No mapping for GET /toolmantalk/error/404
2020-05-11 13:49:48,918 WARN [http-nio-8080-exec-7] o.s.w.s.PageNotFound [DispatcherServlet.java:1249] No mapping for GET /toolmantalk/error/404
2020-05-11 16:15:28,659 WARN [restartedMain] o.m.s.m.ClassPathMapperScanner [Logger.java:44] No MyBatis mapper was found in '[com.toolman.toolmantalk]' package. Please check your configuration.
2020-05-11 16:15:29,240 WARN [restartedMain] o.s.b.w.s.c.AnnotationConfigServletWebServerApplicationContext [AbstractApplicationContext.java:557] Exception encountered during context initialization - cancelling refresh attempt: org.springframework.beans.factory.BeanCreationException: Error creating bean with name 'sqlSessionFactory' defined in class path resource [org/mybatis/spring/boot/autoconfigure/MybatisAutoConfiguration.class]: Bean instantiation via factory method failed; nested exception is org.springframework.beans.BeanInstantiationException: Failed to instantiate [org.apache.ibatis.session.SqlSessionFactory]: Factory method 'sqlSessionFactory' threw exception; nested exception is org.springframework.core.NestedIOException: Failed to parse mapping resource: 'file [C:\Users\cwteng\Desktop\toolmantalk\target\classes\mapper\comment-mapper.xml]'; nested exception is org.apache.ibatis.builder.BuilderException: Error parsing Mapper XML. The XML location is 'file [C:\Users\cwteng\Desktop\toolmantalk\target\classes\mapper\comment-mapper.xml]'. Cause: org.apache.ibatis.builder.BuilderException: Error resolving class. Cause: org.apache.ibatis.type.TypeException: Could not resolve type alias 'Comment'.  Cause: java.lang.ClassNotFoundException: Cannot find class: Comment
2020-05-11 16:15:36,635 WARN [main] o.s.b.t.j.DuplicateJsonObjectContextCustomizerFactory$DuplicateJsonObjectContextCustomizer [DuplicateJsonObjectContextCustomizerFactory.java:86] 

Found multiple occurrences of org.json.JSONObject on the class path:

	jar:file:/G:/springboot/apache-maven-3.6.1/repository/com/vaadin/external/google/android-json/0.0.20131108.vaadin1/android-json-0.0.20131108.vaadin1.jar!/org/json/JSONObject.class
	jar:file:/G:/springboot/apache-maven-3.6.1/repository/org/json/json/20170516/json-20170516.jar!/org/json/JSONObject.class

You may wish to exclude one of them to ensure predictable runtime behavior

2020-05-11 17:31:03,791 WARN [restartedMain] o.s.b.w.s.c.AnnotationConfigServletWebServerApplicationContext [AbstractApplicationContext.java:557] Exception encountered during context initialization - cancelling refresh attempt: org.springframework.beans.factory.BeanCreationException: Error creating bean with name 'eventConsumer': Lookup method resolution failed; nested exception is java.lang.IllegalStateException: Failed to introspect Class [com.toolman.toolmantalk.event.EventConsumer] from ClassLoader [org.springframework.boot.devtools.restart.classloader.RestartClassLoader@26bfd442]
2020-05-11 17:40:45,245 WARN [restartedMain] o.s.b.w.s.c.AnnotationConfigServletWebServerApplicationContext [AbstractApplicationContext.java:557] Exception encountered during context initialization - cancelling refresh attempt: org.springframework.beans.factory.UnsatisfiedDependencyException: Error creating bean with name 'discussPostController': Unsatisfied dependency expressed through field 'commentService'; nested exception is org.springframework.beans.factory.BeanCreationException: Error creating bean with name 'commentService' defined in file [C:\Users\cwteng\Desktop\toolmantalk\target\classes\com\toolman\toolmantalk\service\CommentService.class]: Post-processing of merged bean definition failed; nested exception is java.lang.IllegalStateException: Failed to introspect Class [com.toolman.toolmantalk.service.CommentService] from ClassLoader [org.springframework.boot.devtools.restart.classloader.RestartClassLoader@620015dd]
2020-05-11 17:41:32,935 WARN [restartedMain] o.s.b.w.s.c.AnnotationConfigServletWebServerApplicationContext [AbstractApplicationContext.java:557] Exception encountered during context initialization - cancelling refresh attempt: org.springframework.beans.factory.BeanCreationException: Error creating bean with name 'discussPostController' defined in file [C:\Users\cwteng\Desktop\toolmantalk\target\classes\com\toolman\toolmantalk\controller\DiscussPostController.class]: Post-processing of merged bean definition failed; nested exception is java.lang.IllegalStateException: Failed to introspect Class [com.toolman.toolmantalk.controller.DiscussPostController] from ClassLoader [org.springframework.boot.devtools.restart.classloader.RestartClassLoader@726b2932]
2020-05-11 17:51:32,860 WARN [restartedMain] o.s.b.w.s.c.AnnotationConfigServletWebServerApplicationContext [AbstractApplicationContext.java:557] Exception encountered during context initialization - cancelling refresh attempt: org.springframework.beans.factory.UnsatisfiedDependencyException: Error creating bean with name 'commentController': Unsatisfied dependency expressed through field 'commentService'; nested exception is org.springframework.beans.factory.NoSuchBeanDefinitionException: No qualifying bean of type 'com.toolman.toolmantalk.service.CommentService' available: expected at least 1 bean which qualifies as autowire candidate. Dependency annotations: {@org.springframework.beans.factory.annotation.Autowired(required=true)}
2020-05-11 17:55:34,649 WARN [restartedMain] o.s.b.w.s.c.AnnotationConfigServletWebServerApplicationContext [AbstractApplicationContext.java:557] Exception encountered during context initialization - cancelling refresh attempt: org.springframework.beans.factory.UnsatisfiedDependencyException: Error creating bean with name 'commentController': Unsatisfied dependency expressed through field 'eventProducer'; nested exception is org.springframework.beans.factory.BeanCreationException: Error creating bean with name 'eventProducer' defined in file [C:\Users\cwteng\Desktop\toolmantalk\target\classes\com\toolman\toolmantalk\event\EventProducer.class]: Post-processing of merged bean definition failed; nested exception is java.lang.IllegalStateException: Failed to introspect Class [com.toolman.toolmantalk.event.EventProducer] from ClassLoader [org.springframework.boot.devtools.restart.classloader.RestartClassLoader@25c024df]
2020-05-11 17:56:10,115 WARN [http-nio-8080-exec-10] o.s.w.s.m.m.a.ExceptionHandlerExceptionResolver [AbstractHandlerExceptionResolver.java:198] Resolved [org.springframework.web.method.annotation.MethodArgumentTypeMismatchException: Failed to convert value of type 'java.lang.String' to required type 'int'; nested exception is java.lang.NumberFormatException: For input string: "13254326456"]
2020-05-11 17:56:10,123 WARN [http-nio-8080-exec-8] o.s.w.s.PageNotFound [DispatcherServlet.java:1249] No mapping for GET /toolmantalk/error/404
2020-05-11 17:56:18,997 WARN [http-nio-8080-exec-3] o.s.w.s.PageNotFound [DispatcherServlet.java:1249] No mapping for GET /toolmantalk/error/404
2020-05-11 17:56:19,867 WARN [http-nio-8080-exec-2] o.s.w.s.PageNotFound [DispatcherServlet.java:1249] No mapping for GET /toolmantalk/error/404
