2020-05-10 10:34:59,717 WARN [http-nio-8080-exec-4] o.s.w.s.PageNotFound [DispatcherServlet.java:1249] No mapping for GET /toolmantalk/user/my-post.html
2020-05-10 13:50:38,271 WARN [http-nio-8080-exec-10] o.s.w.s.m.m.a.ExceptionHandlerExceptionResolver [AbstractHandlerExceptionResolver.java:198] Resolved [java.lang.IllegalStateException: Optional int parameter 'entityType' is present but cannot be translated into a null value due to being declared as a primitive type. Consider declaring it as object wrapper for the corresponding primitive type.]
2020-05-10 13:50:45,416 WARN [http-nio-8080-exec-9] o.s.w.s.m.m.a.ExceptionHandlerExceptionResolver [AbstractHandlerExceptionResolver.java:198] Resolved [java.lang.IllegalStateException: Optional int parameter 'entityType' is present but cannot be translated into a null value due to being declared as a primitive type. Consider declaring it as object wrapper for the corresponding primitive type.]
2020-05-10 13:52:34,719 WARN [http-nio-8080-exec-2] o.s.w.s.m.m.a.ExceptionHandlerExceptionResolver [AbstractHandlerExceptionResolver.java:198] Resolved [java.lang.IllegalStateException: Optional int parameter 'entityType' is present but cannot be translated into a null value due to being declared as a primitive type. Consider declaring it as object wrapper for the corresponding primitive type.]
2020-05-10 14:38:25,525 WARN [http-nio-8080-exec-5] o.s.w.s.m.m.a.ExceptionHandlerExceptionResolver [AbstractHandlerExceptionResolver.java:198] Resolved [org.springframework.web.HttpMediaTypeNotSupportedException: Content type 'multipart/form-data;boundary=--------------------------537915574840058430022276;charset=UTF-8' not supported]
2020-05-10 15:56:56,652 WARN [http-nio-8080-exec-7] o.s.w.s.m.m.a.ExceptionHandlerExceptionResolver [AbstractHandlerExceptionResolver.java:198] Resolved [java.lang.IllegalStateException: Optional int parameter 'entityType' is present but cannot be translated into a null value due to being declared as a primitive type. Consider declaring it as object wrapper for the corresponding primitive type.]
2020-05-10 16:04:12,611 WARN [http-nio-8080-exec-7] o.s.w.s.PageNotFound [DispatcherServlet.java:1249] No mapping for GET /toolmantalk/discuss/profile.html
2020-05-10 16:07:22,545 WARN [http-nio-8080-exec-8] o.s.w.s.PageNotFound [DispatcherServlet.java:1249] No mapping for GET /toolmantalk/discuss/profile.html
2020-05-10 16:14:49,858 WARN [http-nio-8080-exec-1] o.s.w.s.PageNotFound [DispatcherServlet.java:1249] No mapping for GET /toolmantalk/user/followee.html
2020-05-10 16:49:08,880 WARN [http-nio-8080-exec-8] o.s.w.s.PageNotFound [DispatcherServlet.java:1249] No mapping for POST /toolmantalk/followees/183
2020-05-10 18:24:29,472 WARN [restartedMain] o.s.b.w.s.c.AnnotationConfigServletWebServerApplicationContext [AbstractApplicationContext.java:557] Exception encountered during context initialization - cancelling refresh attempt: org.springframework.beans.factory.BeanCreationException: Error creating bean with name 'userController' defined in file [C:\Users\cwteng\Desktop\toolmantalk\target\classes\com\toolman\toolmantalk\controller\UserController.class]: Post-processing of merged bean definition failed; nested exception is java.lang.IllegalStateException: Failed to introspect Class [com.toolman.toolmantalk.controller.UserController] from ClassLoader [org.springframework.boot.devtools.restart.classloader.RestartClassLoader@e85322e]
2020-05-10 18:42:06,868 WARN [Finalizer] i.l.c.r.DefaultClientResources [DefaultClientResources.java:573] io.lettuce.core.resource.DefaultClientResources was not shut down properly, shutdown() was not called before it's garbage-collected. Call shutdown() or shutdown(long,long,TimeUnit) 
2020-05-10 21:10:03,540 WARN [http-nio-8080-exec-2] o.s.w.s.PageNotFound [DispatcherServlet.java:1249] No mapping for GET /toolmantalk/css/global.css
2020-05-10 21:10:03,541 WARN [http-nio-8080-exec-3] o.s.w.s.PageNotFound [DispatcherServlet.java:1249] No mapping for GET /toolmantalk/js/global.js
2020-05-10 21:10:03,541 WARN [http-nio-8080-exec-4] o.s.w.s.PageNotFound [DispatcherServlet.java:1249] No mapping for GET /toolmantalk/js/profile.js
2020-05-10 21:22:26,699 WARN [http-nio-8080-exec-8] o.s.w.s.PageNotFound [DispatcherServlet.java:1249] No mapping for GET /toolmantalk/user/followees/183
2020-05-10 21:23:34,746 WARN [http-nio-8080-exec-1] o.s.w.s.PageNotFound [DispatcherServlet.java:1249] No mapping for GET /toolmantalk/user/followees/183
2020-05-10 21:23:56,942 WARN [http-nio-8080-exec-8] o.s.w.s.PageNotFound [DispatcherServlet.java:1249] No mapping for GET /toolmantalk/user/followees/183
2020-05-10 21:23:58,625 WARN [http-nio-8080-exec-2] o.s.w.s.PageNotFound [DispatcherServlet.java:1249] No mapping for GET /toolmantalk/user/followee.html
2020-05-10 21:24:57,592 WARN [http-nio-8080-exec-6] o.s.w.s.PageNotFound [DispatcherServlet.java:1249] No mapping for GET /toolmantalk/user/followees/183
2020-05-10 21:24:59,333 WARN [http-nio-8080-exec-9] o.s.w.s.PageNotFound [DispatcherServlet.java:1249] No mapping for GET /toolmantalk/user/followees/183
2020-05-10 21:25:00,276 WARN [http-nio-8080-exec-1] o.s.w.s.PageNotFound [DispatcherServlet.java:1249] No mapping for GET /toolmantalk/user/followees/183
2020-05-10 21:25:01,008 WARN [http-nio-8080-exec-7] o.s.w.s.PageNotFound [DispatcherServlet.java:1249] No mapping for GET /toolmantalk/user/followee.html
2020-05-10 21:25:34,659 WARN [http-nio-8080-exec-2] o.s.w.s.PageNotFound [DispatcherServlet.java:1249] No mapping for GET /toolmantalk/user/followees/183
